[    0.000000] Initializing cgroup subsys cpuset
[    0.000000] Initializing cgroup subsys cpu
[    0.000000] Initializing cgroup subsys cpuacct
[    0.000000] Linux version 4.4.0-210-generic (buildd@lgw01-amd64-009) (gcc version 5.4.0 20160609 (Ubuntu 5.4.0-6ubuntu1~16.04.12) ) #242-Ubuntu SMP Fri Apr 16 09:57:56 UTC 2021 (Ubuntu 4.4.0-210.242-generic 4.4.262)
[    0.000000] Command line: BOOT_IMAGE=/boot/vmlinuz-4.4.0-210-generic root=LABEL=cloudimg-rootfs ro console=tty1 console=ttyS0
[    0.000000] KERNEL supported cpus:
[    0.000000]   Intel GenuineIntel
[    0.000000]   AMD AuthenticAMD
[    0.000000]   Centaur CentaurHauls
[    0.000000] x86/fpu: xstate_offset[2]:  576, xstate_sizes[2]:  256
[    0.000000] x86/fpu: Supporting XSAVE feature 0x01: 'x87 floating point registers'
[    0.000000] x86/fpu: Supporting XSAVE feature 0x02: 'SSE registers'
[    0.000000] x86/fpu: Supporting XSAVE feature 0x04: 'AVX registers'
[    0.000000] x86/fpu: Enabled xstate features 0x7, context size is 832 bytes, using 'standard' format.
[    0.000000] e820: BIOS-provided physical RAM map:
[    0.000000] BIOS-e820: [mem 0x0000000000000000-0x000000000009fbff] usable
[    0.000000] BIOS-e820: [mem 0x000000000009fc00-0x000000000009ffff] reserved
[    0.000000] BIOS-e820: [mem 0x00000000000f0000-0x00000000000fffff] reserved
[    0.000000] BIOS-e820: [mem 0x0000000000100000-0x000000007ffeffff] usable
[    0.000000] BIOS-e820: [mem 0x000000007fff0000-0x000000007fffffff] ACPI data
[    0.000000] BIOS-e820: [mem 0x00000000fec00000-0x00000000fec00fff] reserved
[    0.000000] BIOS-e820: [mem 0x00000000fee00000-0x00000000fee00fff] reserved
[    0.000000] BIOS-e820: [mem 0x00000000fffc0000-0x00000000ffffffff] reserved
[    0.000000] NX (Execute Disable) protection: active
[    0.000000] SMBIOS 2.5 present.
[    0.000000] Hypervisor detected: KVM
[    0.000000] e820: last_pfn = 0x7fff0 max_arch_pfn = 0x400000000
[    0.000000] MTRR: Disabled
[    0.000000] x86/PAT: MTRRs disabled, skipping PAT initialization too.
[    0.000000] CPU MTRRs all blank - virtualized system.
[    0.000000] x86/PAT: Configuration [0-7]: WB  WT  UC- UC  WB  WT  UC- UC  
[    0.000000] found SMP MP-table at [mem 0x0009fff0-0x0009ffff] mapped at [ffff88000009fff0]
[    0.000000] Scanning 1 areas for low memory corruption
[    0.000000] RAMDISK: [mem 0x362dc000-0x37165fff]
[    0.000000] ACPI: Early table checksum verification disabled
[    0.000000] ACPI: RSDP 0x00000000000E0000 000024 (v02 VBOX  )
[    0.000000] ACPI: XSDT 0x000000007FFF0030 00003C (v01 VBOX   VBOXXSDT 00000001 ASL  00000061)
[    0.000000] ACPI: FACP 0x000000007FFF00F0 0000F4 (v04 VBOX   VBOXFACP 00000001 ASL  00000061)
[    0.000000] ACPI: DSDT 0x000000007FFF0470 002325 (v02 VBOX   VBOXBIOS 00000002 INTL 20200925)
[    0.000000] ACPI: FACS 0x000000007FFF0200 000040
[    0.000000] ACPI: FACS 0x000000007FFF0200 000040
[    0.000000] ACPI: APIC 0x000000007FFF0240 000054 (v02 VBOX   VBOXAPIC 00000001 ASL  00000061)
[    0.000000] ACPI: SSDT 0x000000007FFF02A0 0001CC (v01 VBOX   VBOXCPUT 00000002 INTL 20200925)
[    0.000000] No NUMA configuration found
[    0.000000] Faking a node at [mem 0x0000000000000000-0x000000007ffeffff]
[    0.000000] NODE_DATA(0) allocated [mem 0x7ffeb000-0x7ffeffff]
[    0.000000] kvm-clock: Using msrs 4b564d01 and 4b564d00
[    0.000000] kvm-clock: cpu 0, msr 0:7ffe3001, primary cpu clock
[    0.000000] kvm-clock: using sched offset of 4063449367 cycles
[    0.000000] clocksource: kvm-clock: mask: 0xffffffffffffffff max_cycles: 0x1cd42e4dffb, max_idle_ns: 881590591483 ns
[    0.000000] Zone ranges:
[    0.000000]   DMA      [mem 0x0000000000001000-0x0000000000ffffff]
[    0.000000]   DMA32    [mem 0x0000000001000000-0x000000007ffeffff]
[    0.000000]   Normal   empty
[    0.000000]   Device   empty
[    0.000000] Movable zone start for each node
[    0.000000] Early memory node ranges
[    0.000000]   node   0: [mem 0x0000000000001000-0x000000000009efff]
[    0.000000]   node   0: [mem 0x0000000000100000-0x000000007ffeffff]
[    0.000000] Initmem setup node 0 [mem 0x0000000000001000-0x000000007ffeffff]
[    0.000000] ACPI: PM-Timer IO Port: 0x4008
[    0.000000] IOAPIC[0]: apic_id 1, version 32, address 0xfec00000, GSI 0-23
[    0.000000] ACPI: INT_SRC_OVR (bus 0 bus_irq 0 global_irq 2 dfl dfl)
[    0.000000] ACPI: INT_SRC_OVR (bus 0 bus_irq 9 global_irq 9 low level)
[    0.000000] Using ACPI (MADT) for SMP configuration information
[    0.000000] smpboot: Allowing 1 CPUs, 0 hotplug CPUs
[    0.000000] PM: Registered nosave memory: [mem 0x00000000-0x00000fff]
[    0.000000] PM: Registered nosave memory: [mem 0x0009f000-0x0009ffff]
[    0.000000] PM: Registered nosave memory: [mem 0x000a0000-0x000effff]
[    0.000000] PM: Registered nosave memory: [mem 0x000f0000-0x000fffff]
[    0.000000] e820: [mem 0x80000000-0xfebfffff] available for PCI devices
[    0.000000] Booting paravirtualized kernel on KVM
[    0.000000] clocksource: refined-jiffies: mask: 0xffffffff max_cycles: 0xffffffff, max_idle_ns: 7645519600211568 ns
[    0.000000] setup_percpu: NR_CPUS:512 nr_cpumask_bits:512 nr_cpu_ids:1 nr_node_ids:1
[    0.000000] PERCPU: Embedded 33 pages/cpu @ffff88007fc00000 s95192 r8192 d31784 u2097152
[    0.000000] Built 1 zonelists in Node order, mobility grouping on.  Total pages: 515960
[    0.000000] Policy zone: DMA32
[    0.000000] Kernel command line: BOOT_IMAGE=/boot/vmlinuz-4.4.0-210-generic root=LABEL=cloudimg-rootfs ro console=tty1 console=ttyS0
[    0.000000] PID hash table entries: 4096 (order: 3, 32768 bytes)
[    0.000000] Memory: 2030116K/2096696K available (8644K kernel code, 1332K rwdata, 4044K rodata, 1492K init, 1164K bss, 66580K reserved, 0K cma-reserved)
[    0.000000] SLUB: HWalign=64, Order=0-3, MinObjects=0, CPUs=1, Nodes=1
[    0.000000] Kernel/User page tables isolation: enabled
[    0.000000] Hierarchical RCU implementation.
[    0.000000] 	Build-time adjustment of leaf fanout to 64.
[    0.000000] 	RCU restricting CPUs from NR_CPUS=512 to nr_cpu_ids=1.
[    0.000000] RCU: Adjusting geometry for rcu_fanout_leaf=64, nr_cpu_ids=1
[    0.000000] NR_IRQS:33024 nr_irqs:256 16
[    0.000000] Console: colour VGA+ 80x25
[    0.000000] console [tty1] enabled
[    0.000000] console [ttyS0] enabled
[    0.000000] tsc: Detected 1895.693 MHz processor
[    0.300376] Calibrating delay loop (skipped) preset value.. 3791.38 BogoMIPS (lpj=7582772)
[    0.303565] pid_max: default: 32768 minimum: 301
[    0.305307] ACPI: Core revision 20150930
[    0.308438] ACPI: 2 ACPI AML tables successfully acquired and loaded
[    0.310840] Security Framework initialized
[    0.312443] Yama: becoming mindful.
[    0.313824] AppArmor: AppArmor initialized
[    0.316694] Dentry cache hash table entries: 262144 (order: 9, 2097152 bytes)
[    0.319667] Inode-cache hash table entries: 131072 (order: 8, 1048576 bytes)
[    0.323166] Mount-cache hash table entries: 4096 (order: 3, 32768 bytes)
[    0.325413] Mountpoint-cache hash table entries: 4096 (order: 3, 32768 bytes)
[    0.327997] Initializing cgroup subsys io
[    0.329486] Initializing cgroup subsys memory
[    0.331114] Initializing cgroup subsys devices
[    0.332845] Initializing cgroup subsys freezer
[    0.334403] Initializing cgroup subsys net_cls
[    0.336180] Initializing cgroup subsys perf_event
[    0.337862] Initializing cgroup subsys net_prio
[    0.339505] Initializing cgroup subsys hugetlb
[    0.341110] Initializing cgroup subsys pids
[    0.342739] mce: CPU supports 0 MCE banks
[    0.344533] process: using mwait in idle threads
[    0.346159] Last level iTLB entries: 4KB 512, 2MB 8, 4MB 8
[    0.348136] Last level dTLB entries: 4KB 512, 2MB 32, 4MB 32, 1GB 0
[    0.350269] Spectre V1 : Mitigation: usercopy/swapgs barriers and __user pointer sanitization
[    0.353380] Spectre V2 : Mitigation: Full generic retpoline
[    0.355229] Spectre V2 : Spectre v2 / SpectreRSB mitigation: Filling RSB on context switch
[    0.358326] Speculative Store Bypass: Vulnerable
[    0.360280] MDS: Mitigation: Clear CPU buffers
[    0.416152] Freeing SMP alternatives memory: 36K
[    0.429270] ftrace: allocating 32380 entries in 127 pages
[    0.537893] smpboot: APIC(0) Converting physical 0 to logical package 0
[    0.540414] smpboot: Max logical packages: 1
[    0.542600] x2apic enabled
[    0.544442] Switched APIC routing to physical x2apic.
[    0.548107] ..TIMER: vector=0x30 apic1=0 pin1=2 apic2=-1 pin2=-1
[    0.658355] smpboot: CPU0: Intel(R) Xeon(R) CPU E5-2420 0 @ 1.90GHz (family: 0x6, model: 0x2d, stepping: 0x7)
[    0.662293] Performance Events: unsupported p6 CPU model 45 no PMU driver, software events only.
[    0.685127] KVM setup paravirtual spinlock
[    0.687904] x86: Booted up 1 node, 1 CPUs
[    0.689510] smpboot: Total of 1 processors activated (3791.38 BogoMIPS)
[    0.693364] devtmpfs: initialized
[    0.697710] evm: security.selinux
[    0.699149] evm: security.SMACK64
[    0.700923] evm: security.SMACK64EXEC
[    0.702324] evm: security.SMACK64TRANSMUTE
[    0.703926] evm: security.SMACK64MMAP
[    0.705409] evm: security.ima
[    0.706613] evm: security.capability
[    0.708335] clocksource: jiffies: mask: 0xffffffff max_cycles: 0xffffffff, max_idle_ns: 7645041785100000 ns
[    0.712760] futex hash table entries: 256 (order: 2, 16384 bytes)
[    0.716988] pinctrl core: initialized pinctrl subsystem
[    0.719895] RTC time: 23:49:52, date: 09/05/22
[    0.722393] NET: Registered protocol family 16
[    0.725105] cpuidle: using governor ladder
[    0.727314] cpuidle: using governor menu
[    0.729449] PCCT header not found.
[    0.731455] ACPI: bus type PCI registered
[    0.733608] acpiphp: ACPI Hot Plug PCI Controller Driver version: 0.5
[    0.737069] PCI: Using configuration type 1 for base access
[    0.741936] ACPI: Added _OSI(Module Device)
[    0.744179] ACPI: Added _OSI(Processor Device)
[    0.748420] ACPI: Added _OSI(3.0 _SCP Extensions)
[    0.750848] ACPI: Added _OSI(Processor Aggregator Device)
[    0.754717] ACPI: Executed 1 blocks of module-level executable AML code
[    0.761270] ACPI: Interpreter enabled
[    0.763366] ACPI: (supports S0 S5)
[    0.765250] ACPI: Using IOAPIC for interrupt routing
[    0.768021] PCI: Using host bridge windows from ACPI; if necessary, use "pci=nocrs" and report a bug
[    0.778533] ACPI: PCI Root Bridge [PCI0] (domain 0000 [bus 00-ff])
[    0.781684] acpi PNP0A03:00: _OSC: OS supports [ASPM ClockPM Segments MSI]
[    0.785586] acpi PNP0A03:00: _OSC: not requesting OS control; OS requires [ExtendedConfig ASPM ClockPM MSI]
[    0.790568] acpi PNP0A03:00: fail to add MMCONFIG information, can't access extended PCI configuration space under this bridge.
[    0.798078] PCI host bridge to bus 0000:00
[    0.800336] pci_bus 0000:00: root bus resource [io  0x0000-0x0cf7 window]
[    0.803575] pci_bus 0000:00: root bus resource [io  0x0d00-0xffff window]
[    0.806853] pci_bus 0000:00: root bus resource [mem 0x000a0000-0x000bffff window]
[    0.810792] pci_bus 0000:00: root bus resource [mem 0x80000000-0xfdffffff window]
[    0.814811] pci_bus 0000:00: root bus resource [bus 00-ff]
[    0.820575] pci 0000:00:01.1: legacy IDE quirk: reg 0x10: [io  0x01f0-0x01f7]
[    0.823986] pci 0000:00:01.1: legacy IDE quirk: reg 0x14: [io  0x03f6]
[    0.827122] pci 0000:00:01.1: legacy IDE quirk: reg 0x18: [io  0x0170-0x0177]
[    0.830753] pci 0000:00:01.1: legacy IDE quirk: reg 0x1c: [io  0x0376]
[    0.862289] pci 0000:00:07.0: quirk: [io  0x4000-0x403f] claimed by PIIX4 ACPI
[    0.882679] pci 0000:00:07.0: quirk: [io  0x4100-0x410f] claimed by PIIX4 SMB
[    0.903878] ACPI: PCI Interrupt Link [LNKA] (IRQs 5 9 10 *11)
[    0.907243] ACPI: PCI Interrupt Link [LNKB] (IRQs 5 9 *10 11)
[    0.910088] ACPI: PCI Interrupt Link [LNKC] (IRQs 5 *9 10 11)
[    0.912919] ACPI: PCI Interrupt Link [LNKD] (IRQs 5 9 10 *11)
[    0.915705] ACPI: Enabled 2 GPEs in block 00 to 07
[    0.918032] vgaarb: setting as boot device: PCI:0000:00:02.0
[    0.920119] vgaarb: device added: PCI:0000:00:02.0,decodes=io+mem,owns=io+mem,locks=none
[    0.923183] vgaarb: loaded
[    0.924452] vgaarb: bridge control possible 0000:00:02.0
[    0.926707] SCSI subsystem initialized
[    0.928361] ACPI: bus type USB registered
[    0.929848] usbcore: registered new interface driver usbfs
[    0.931728] usbcore: registered new interface driver hub
[    0.933764] usbcore: registered new device driver usb
[    0.935822] PCI: Using ACPI for IRQ routing
[    0.937988] NetLabel: Initializing
[    0.939416] NetLabel:  domain hash size = 128
[    0.941122] NetLabel:  protocols = UNLABELED CIPSOv4
[    0.942899] NetLabel:  unlabeled traffic allowed by default
[    0.945140] amd_nb: Cannot enumerate AMD northbridges
[    0.947023] clocksource: Switched to clocksource kvm-clock
[    0.959165] AppArmor: AppArmor Filesystem Enabled
[    0.961220] pnp: PnP ACPI init
[    0.963779] pnp: PnP ACPI: found 3 devices
[    0.972175] clocksource: acpi_pm: mask: 0xffffff max_cycles: 0xffffff, max_idle_ns: 2085701024 ns
[    0.975520] NET: Registered protocol family 2
[    0.977585] TCP established hash table entries: 16384 (order: 5, 131072 bytes)
[    0.980389] TCP bind hash table entries: 16384 (order: 6, 262144 bytes)
[    0.983591] TCP: Hash tables configured (established 16384 bind 16384)
[    0.985870] UDP hash table entries: 1024 (order: 3, 32768 bytes)
[    0.987959] UDP-Lite hash table entries: 1024 (order: 3, 32768 bytes)
[    0.990099] NET: Registered protocol family 1
[    0.991785] pci 0000:00:00.0: Limiting direct PCI/PCI transfers
[    0.993849] pci 0000:00:01.0: Activating ISA DMA hang workarounds
[    0.996406] Unpacking initramfs...
[    1.358182] Freeing initrd memory: 14888K
[    1.360108] RAPL PMU detected, API unit is 2^-32 Joules, 3 fixed counters 10737418240 ms ovfl timer
[    1.363346] hw unit of domain pp0-core 2^-0 Joules
[    1.365225] hw unit of domain package 2^-0 Joules
[    1.366892] hw unit of domain dram 2^-0 Joules
[    1.368760] clocksource: tsc: mask: 0xffffffffffffffff max_cycles: 0x36a68ea8fe5, max_idle_ns: 881590678518 ns
[    1.372333] platform rtc_cmos: registered platform RTC device (no PNP device found)
[    1.375127] Scanning for low memory corruption every 60 seconds
[    1.377855] audit: initializing netlink subsys (disabled)
[    1.379837] audit: type=2000 audit(1662421798.993:1): initialized
[    1.382340] Initialise system trusted keyring
[    1.384200] HugeTLB registered 2 MB page size, pre-allocated 0 pages
[    1.388422] zbud: loaded
[    1.389989] VFS: Disk quotas dquot_6.6.0
[    1.391484] VFS: Dquot-cache hash table entries: 512 (order 0, 4096 bytes)
[    1.394586] squashfs: version 4.0 (2009/01/31) Phillip Lougher
[    1.397161] fuse init (API version 7.23)
[    1.398806] Key type big_key registered
[    1.400446] Allocating IMA MOK and blacklist keyrings.
[    1.402699] Key type asymmetric registered
[    1.404347] Asymmetric key parser 'x509' registered
[    1.406144] Block layer SCSI generic (bsg) driver version 0.4 loaded (major 249)
[    1.409039] io scheduler noop registered
[    1.410550] io scheduler deadline registered (default)
[    1.412569] io scheduler cfq registered
[    1.414247] pci_hotplug: PCI Hot Plug PCI Core version: 0.5
[    1.416375] pciehp: PCI Express Hot Plug Controller Driver version: 0.4
[    1.418739] ACPI: AC Adapter [AC] (on-line)
[    1.420488] input: Power Button as /devices/LNXSYSTM:00/LNXPWRBN:00/input/input0
[    1.423202] ACPI: Power Button [PWRF]
[    1.424803] input: Sleep Button as /devices/LNXSYSTM:00/LNXSLPBN:00/input/input1
[    1.427438] ACPI: Sleep Button [SLPF]
[    1.429234] GHES: HEST is not enabled!
[    1.430838] Serial: 8250/16550 driver, 32 ports, IRQ sharing enabled
[    1.454163] 00:02: ttyS0 at I/O 0x3f8 (irq = 4, base_baud = 115200) is a 16550A
[    1.458835] Linux agpgart interface v0.103
[    1.463425] loop: module loaded
[    1.465627] scsi host0: ata_piix
[    1.467011] scsi host1: ata_piix
[    1.468515] ata1: PATA max UDMA/33 cmd 0x1f0 ctl 0x3f6 bmdma 0xd000 irq 14
[    1.471002] ata2: PATA max UDMA/33 cmd 0x170 ctl 0x376 bmdma 0xd008 irq 15
[    1.474137] libphy: Fixed MDIO Bus: probed
[    1.475702] tun: Universal TUN/TAP device driver, 1.6
[    1.477623] tun: (C) 1999-2004 Max Krasnyansky <maxk@qualcomm.com>
[    1.480263] PPP generic driver version 2.4.2
[    1.482089] ehci_hcd: USB 2.0 'Enhanced' Host Controller (EHCI) Driver
[    1.484350] ehci-pci: EHCI PCI platform driver
[    1.485960] ehci-platform: EHCI generic platform driver
[    1.487800] ohci_hcd: USB 1.1 'Open' Host Controller (OHCI) Driver
[    1.489910] ohci-pci: OHCI PCI platform driver
[    1.491662] ohci-platform: OHCI generic platform driver
[    1.493519] uhci_hcd: USB Universal Host Controller Interface driver
[    1.495716] i8042: PNP: PS/2 Controller [PNP0303:PS2K,PNP0f03:PS2M] at 0x60,0x64 irq 1,12
[    1.499374] serio: i8042 KBD port at 0x60,0x64 irq 1
[    1.501306] serio: i8042 AUX port at 0x60,0x64 irq 12
[    1.503458] mousedev: PS/2 mouse device common for all mice
[    1.506497] input: AT Translated Set 2 keyboard as /devices/platform/i8042/serio0/input/input2
[    1.510192] rtc_cmos rtc_cmos: rtc core: registered rtc_cmos as rtc0
[    1.512726] rtc_cmos rtc_cmos: alarms up to one day, 114 bytes nvram
[    1.516540] i2c /dev entries driver
[    1.518627] device-mapper: uevent: version 1.0.3
[    1.520578] device-mapper: ioctl: 4.34.0-ioctl (2015-10-28) initialised: dm-devel@redhat.com
[    1.523670] ledtrig-cpu: registered to indicate activity on CPUs
[    1.526346] NET: Registered protocol family 10
[    1.528793] NET: Registered protocol family 17
[    1.531224] Key type dns_resolver registered
[    1.533463] registered taskstats version 1
[    1.535048] Loading compiled-in X.509 certificates
[    1.538141] Loaded X.509 cert 'Build time autogenerated kernel key: cf00e047681d67edb2720680708b7d9498083038'
[    1.543078] zswap: loaded using pool lzo/zbud
[    1.548922] Key type trusted registered
[    1.556647] Key type encrypted registered
[    1.558396] AppArmor: AppArmor sha1 policy hashing enabled
[    1.560515] ima: No TPM chip found, activating TPM-bypass!
[    1.563264] ima: Allocated hash algorithm: sha1
[    1.565308] evm: HMAC attrs: 0x1
[    1.567181]   Magic number: 6:622:857
[    1.568812] rtc_cmos rtc_cmos: setting system clock to 2022-09-05 23:49:53 UTC (1662421793)
[    1.572879] BIOS EDD facility v0.16 2004-Jun-25, 0 devices found
[    1.575830] EDD information not available.
[    1.654039] Freeing unused kernel memory: 1492K
[    1.656575] Write protecting the kernel read-only data: 14336k
[    1.660098] Freeing unused kernel memory: 1584K
[    1.662603] Freeing unused kernel memory: 52K
Loading, please wait...
starting version 229
[    1.690520] random: udevadm: uninitialized urandom read (16 bytes read, 3 bits of entropy available)
[    1.696661] random: systemd-udevd: uninitialized urandom read (16 bytes read, 3 bits of entropy available)
[    1.701866] random: systemd-udevd: uninitialized urandom read (16 bytes read, 3 bits of entropy available)
[    1.706845] random: udevadm: uninitialized urandom read (16 bytes read, 3 bits of entropy available)
[    1.711696] random: systemd-udevd: uninitialized urandom read (16 bytes read, 3 bits of entropy available)
[    1.715368] random: systemd-udevd: uninitialized urandom read (16 bytes read, 3 bits of entropy available)
[    1.739507] random: systemd-udevd: uninitialized urandom read (16 bytes read, 3 bits of entropy available)
[    1.748134] random: systemd-udevd: uninitialized urandom read (16 bytes read, 3 bits of entropy available)
[    1.754507] random: udevadm: uninitialized urandom read (16 bytes read, 3 bits of entropy available)
[    1.758162] random: systemd-udevd: uninitialized urandom read (16 bytes read, 3 bits of entropy available)
[    1.937562] e1000: Intel(R) PRO/1000 Network Driver - version 7.3.21-k8-NAPI
[    1.940813] e1000: Copyright (c) 1999-2006 Intel Corporation.
[    1.955534] Fusion MPT base driver 3.04.20
[    1.958415] Copyright (c) 1999-2008 LSI Corporation
[    2.014620] Fusion MPT SPI Host driver 3.04.20
[    2.074821] AVX version of gcm_enc/dec engaged.
[    2.076764] AES CTR mode by8 optimization enabled
[    2.187694] input: ImExPS/2 Generic Explorer Mouse as /devices/platform/i8042/serio1/input/input4
[    2.498131] e1000 0000:00:03.0 eth0: (PCI:33MHz:32-bit) 02:be:82:6b:cc:1d
[    2.500581] e1000 0000:00:03.0 eth0: Intel(R) PRO/1000 Network Connection
[    2.503722] mptbase: ioc0: Initiating bringup
[    2.567547] ioc0: LSI53C1030 A0: Capabilities={Initiator}
[    2.731184] scsi host2: ioc0: LSI53C1030 A0, FwRev=00000000h, Ports=1, MaxQ=256, IRQ=20
[    2.850996] scsi 2:0:0:0: Direct-Access     VBOX     HARDDISK         1.0  PQ: 0 ANSI: 5
[    2.856173] scsi target2:0:0: Beginning Domain Validation
[    2.861515] scsi target2:0:0: Domain Validation skipping write tests
[    2.865527] scsi target2:0:0: Ending Domain Validation
[    2.869143] scsi target2:0:0: asynchronous
[    2.872736] scsi 2:0:1:0: Direct-Access     VBOX     HARDDISK         1.0  PQ: 0 ANSI: 5
[    2.878176] scsi target2:0:1: Beginning Domain Validation
[    2.974695] scsi target2:0:1: Domain Validation skipping write tests
[    2.977296] scsi target2:0:1: Ending Domain Validation
[    2.989102] scsi target2:0:1: asynchronous
[    3.125004] sd 2:0:0:0: Attached scsi generic sg0 type 0
[    3.127309] sd 2:0:0:0: [sda] 83886080 512-byte logical blocks: (42.9 GB/40.0 GiB)
[    3.131822] sd 2:0:1:0: [sdb] 20480 512-byte logical blocks: (10.5 MB/10.0 MiB)
[    3.134869] sd 2:0:1:0: Attached scsi generic sg1 type 0
[    3.137461] sd 2:0:1:0: [sdb] Write Protect is off
[    3.140184] sd 2:0:0:0: [sda] Write Protect is off
[    3.142783] sd 2:0:1:0: [sdb] Incomplete mode parameter data
[    3.145795] sd 2:0:1:0: [sdb] Assuming drive cache: write through
[    3.150695] sd 2:0:0:0: [sda] Incomplete mode parameter data
[    3.153404] sd 2:0:0:0: [sda] Assuming drive cache: write through
[    3.169502]  sda: sda1
[    3.171634] sd 2:0:1:0: [sdb] Attached SCSI disk
[    3.173557] sd 2:0:0:0: [sda] Attached SCSI disk
[    3.382831] e1000 0000:00:08.0 eth1: (PCI:33MHz:32-bit) 08:00:27:3c:f2:8e
[    3.385284] e1000 0000:00:08.0 eth1: Intel(R) PRO/1000 Network Connection
[    3.389821] e1000 0000:00:08.0 enp0s8: renamed from eth1
[    3.396777] e1000 0000:00:03.0 enp0s3: renamed from eth0
Bgin: Loading e[    4.901713] md: linear personality registered for level -1
ssential drivers ... [    4.991512] md: multipath personality registered for level -4
[    4.998424] md: raid0 personality registered for level 0
[    5.006481] md: raid1 personality registered for level 1
[    5.102731] raid6: sse2x1   gen()  6566 MB/s
[    5.196689] raid6: sse2x1   xor()  4108 MB/s
[    5.277147] raid6: sse2x2   gen()  5714 MB/s
[    5.357578] raid6: sse2x2   xor()  4299 MB/s
[    5.444516] raid6: sse2x4   gen()  7389 MB/s
[    5.525867] raid6: sse2x4   xor()  5194 MB/s
[    5.527900] raid6: using algorithm sse2x4 gen() 7389 MB/s
[    5.530713] raid6: .... xor() 5194 MB/s, rmw enabled
[    5.533128] raid6: using ssse3x2 recovery algorithm
[    5.540240] xor: automatically using best checksumming function:
[    5.699976]    avx       : 45853.000 MB/sec
[    5.705727] async_tx: api initialized (async)
[    5.733265] md: raid6 personality registered for level 6
[    5.735884] md: raid5 personality registered for level 5
[    5.738162] md: raid4 personality registered for level 4
[    5.752924] md: raid10 personality registered for level 10
done.
Begin: Running /scripts/init-premount ... done.
Begin: Mounting root file system ... Begin: Running /scripts/local-top ... done.
Begin: Running /scripts/local-premount ... [    5.819406] Btrfs loaded
Scanning for Btrfs filesystems
done.
Warning: fsck not present, so skipping root file system
[    5.877478] EXT4-fs (sda1): mounted filesystem with ordered data mode. Opts: (null)
done.
Begin: Running /scripts/local-bottom ... done.
Begin: Running /scripts/init-bottom ... done.
[    6.090125] systemd[1]: systemd 229 running in system mode. (+PAM +AUDIT +SELINUX +IMA +APPARMOR +SMACK +SYSVINIT +UTMP +LIBCRYPTSETUP +GCRYPT +GNUTLS +ACL +XZ -LZ4 +SECCOMP +BLKID +ELFUTILS +KMOD -IDN)
[    6.100269] systemd[1]: Detected virtualization oracle.
[    6.102842] systemd[1]: Detected architecture x86-64.

Welcome to [1mUbuntu 16.04.7 LTS[0m!

[    6.115967] systemd[1]: Set hostname to <ubuntu>.
[    6.122668] systemd[1]: Initializing machine ID from random generator.
[    6.126352] systemd[1]: Installed transient /etc/machine-id file.
[    6.523139] systemd[1]: Listening on LVM2 poll daemon socket.
[[0;32m  OK  [0m] Listening on LVM2 poll daemon socket.
[    6.530466] systemd[1]: Started Forward Password Requests to Wall Directory Watch.
[[0;32m  OK  [0m] Started Forward Password Requests to Wall Directory Watch.
[    6.539888] systemd[1]: Created slice User and Session Slice.
[[0;32m  OK  [0m] Created slice User and Session Slice.
[    6.546371] systemd[1]: Reached target Encrypted Volumes.
[[0;32m  OK  [0m] Reached target Encrypted Volumes.
[    6.550510] systemd[1]: Listening on udev Control Socket.
[[0;32m  OK  [0m] Listening on udev Control Socket.
[    6.554572] systemd[1]: Set up automount Arbitrary Executable File Formats File System Automount Point.
[[0;32m  OK  [0m] Set up automount Arbitrary Executab...ats File System Automount Point.
[    6.560366] systemd[1]: Reached target User and Group Name Lookups.
[[0;32m  OK  [0m] Reached target User and Group Name Lookups.
[    6.563827] systemd[1]: Listening on fsck to fsckd communication Socket.
[[0;32m  OK  [0m] Listening on fsck to fsckd communication Socket.
[    6.568231] systemd[1]: Listening on Syslog Socket.
[[0;32m  OK  [0m] Listening on Syslog Socket.
[    6.572191] systemd[1]: Created slice System Slice.
[[0;32m  OK  [0m] Created slice System Slice.
[    6.575689] systemd[1]: Created slice system-serial\x2dgetty.slice.
[[0;32m  OK  [0m] Created slice system-serial\x2dgetty.slice.
[    6.579632] systemd[1]: Listening on LVM2 metadata daemon socket.
[[0;32m  OK  [0m] Listening on LVM2 metadata daemon socket.
[    6.583516] systemd[1]: Reached target Swap.
[[0;32m  OK  [0m] Reached target Swap.
[    6.586750] systemd[1]: Reached target Slices.
[[0;32m  OK  [0m] Reached target Slices.
[    6.590215] systemd[1]: Reached target System Time Synchronized.
[[0;32m  OK  [0m] Reached target System Time Synchronized.
[    6.594581] systemd[1]: Started Trigger resolvconf update for networkd DNS.
[[0;32m  OK  [0m] Started Trigger resolvconf update for networkd DNS.
[    6.599217] systemd[1]: Listening on Device-mapper event daemon FIFOs.
[[0;32m  OK  [0m] Listening on Device-mapper event daemon FIFOs.
[    6.603689] systemd[1]: Listening on Journal Socket.
[[0;32m  OK  [0m] Listening on Journal Socket.
[    6.608694] systemd[1]: Starting Create list of required static device nodes for the current kernel...
         Starting Create list of required st... nodes for the current kernel...
[    6.620560] systemd[1]: Starting Load Kernel Modules...
         Starting Load Kernel Modules...
[    6.631986] systemd[1]: Mounting Huge Pages File System...
         Mounting Huge Pages File System...[    6.645479] Loading iSCSI transport class v2.0-870.

[    6.649668] systemd[1]: Mounting POSIX Message Queue File System...
         Mounting POSIX Message Queue File System...
[    6.660346] systemd[1]: Starting Uncomplicated firewall...
         Starting Uncomplicated firewall...
[    6.673700] systemd[1]: Starting Monitoring of LVM2 mirrors, snapshots etc. using dmeventd or progress polling...
[    6.683991] iscsi: registered transport (tcp)
         Starting Monitoring of LVM2 mirrors... dmeventd or progress polling...
[    6.693630] systemd[1]: Mounting Debug File System...
         Mounting Debug File System...
[    6.705734] systemd[1]: Listening on /dev/initctl Compatibility Named Pipe.
[[0;32m  OK  [0m] Listening on /dev/initctl Compatibility Named Pipe.
[    6.718377] systemd[1]: Starting Set console keymap...
         Starting Set console keymap...
[    6.731849] systemd[1]: Listening on udev Kernel Socket.
[[0;32m  OK  [0m] Listening on udev Kernel Socket.
[    6.741555] systemd[1]: Listening on Journal Socket (/dev/log).
[[0;32m  OK  [0m] Listening on Journal Socket (/dev/log).
[    6.751344] systemd[1]: Listening on Journal Audit Socket.
[[0;32m  OK  [0m] Listening on Journal Audit Socket.
[    6.762996] systemd[1]: Starting Journal Service...
         Starting Journal Service...
[    6.787946] systemd[1]: Starting File System Check on Root Device...
         Starting File System Check on Root Device...
[    6.797230] systemd[1]: Starting Nameserver information manager...
         Starting Nameserver information manager...
[    6.832892] systemd[1]: Mounted Huge Pages File System.
[    6.837448] random: nonblocking pool is initialized
[[0;32m  OK  [0m] Mounted Huge Pages File System.
[    6.856767] systemd[1]: Mounted POSIX Message Queue File System.
[[0;32m  OK  [0m] Mounted POSIX Message Queue File System.
[    6.867230] systemd[1]: Mounted Debug File System.
[[0;32m  OK  [0m] Mounted Debug File System.
[    6.878367] systemd[1]: Started Create list of required static device nodes for the current kernel.
[[0;32m  OK  [0m] Started Create list of required sta...ce nodes for the current kernel.
[    6.896814] systemd[1]: Started Uncomplicated firewall.
[[0;32m  OK  [0m] Started Uncomplicated firewall.
[    6.909743] systemd[1]: Started File System Check on Root Device.
[[0;32m  OK  [0m] Started File System Check on Root Device.
[    6.935968] systemd[1]: Started File System Check Daemon to report status.
[    6.938553] iscsi: registered transport (iser)
[[0;32m  OK  [0m] Started File System Check Daemon to report status.
[    6.959609] systemd[1]: Started LVM2 metadata daemon.
[[0;32m  OK  [0m] Started LVM2 metadata daemon.
[    6.972956] systemd[1]: Starting Remount Root and Kernel File Systems...
         Starting Remount Root and Kernel File Systems...
[    6.991096] systemd[1]: Starting Create Static Device Nodes in /dev...
         Starting Create Static Device Nodes in /dev...
[    7.011853] systemd[1]: Started Journal Service.
[[0;32m  OK  [0m] Started Journal Service.[    7.016034] EXT4-fs (sda1): re-mounted. Opts: (null)

[[0;32m  OK  [0m] Started Load Kernel Modules.
[[0;32m  OK  [0m] Started Nameserver information manager.
[[0;32m  OK  [0m] Started Remount Root and Kernel File Systems.
         Starting Load/Save Random Seed...
         Starting udev Coldplug all Devices...
         Starting Apply Kernel Variables...
         Mounting FUSE Control File System...
         Starting Flush Journal to Persistent Storage...
[[0;32m  OK  [0m] Mounted FUSE Control File System.
[[0;32m  OK  [0m] Started Set console keymap.
[[0;32m  OK  [0m] Started Create Static Device Nodes in /dev.
[[0;32m  OK  [0m] Started Load/Save Random Seed.
[[0;32m  OK  [0m] Started Apply Kernel Variables.
         Starting udev Kernel Device Manager...
[[0;32m  OK  [0m] Started Flush Journal to Persistent Storage.
[[0;32m  OK  [0m] Started udev Kernel Device Manager.
[[0;32m  OK  [0m] Started udev Coldplug all Devices.
[[0;32m  OK  [0m] Started Dispatch Password Requests to Console Directory Watch.
[[0;32m  OK  [0m] Started Monitoring of LVM2 mirrors,...ng dmeventd or progress polling.
[[0;32m  OK  [0m] Reached target Local File Systems (Pre).
[[0;32m  OK  [0m] Reached target Local File Systems.
         Starting Commit a transient machine-id on disk...
         Starting Set console font and keymap...
         Starting Tell Plymouth To Write Out Runtime Data...
         Starting LSB: AppArmor initialization...
         Starting Create Volatile Files and Directories...
         Starting Initial cloud-init job (pre-networking)...
[[0;32m  OK  [0m] Started Commit a transient machine-id on disk.
[[0;32m  OK  [0m] Started Create Volatile Files and Directories.
         Starting Update UTMP about System Boot/Shutdown...
[[0;32m  OK  [0m] Started Tell Plymouth To Write Out Runtime Data.
[[0;32m  OK  [0m] Started Update UTMP about System Boot/Shutdown.
[[0;32m  OK  [0m] Found device /dev/ttyS0.
[[0;32m  OK  [0m] Listening on Load/Save RF Kill Switch Status /dev/rfkill Watch.
[[0;32m  OK  [0m] Started Set console font and keymap.
[[0;32m  OK  [0m] Created slice system-getty.slice.
[   11.712046] cloud-init[509]: Cloud-init v. 21.1-19-gbad84ad4-0ubuntu1~16.04.2 running 'init-local' at Mon, 05 Sep 2022 23:50:02 +0000. Up 10.17 seconds.
[[0;32m  OK  [0m] Started Initial cloud-init job (pre-networking).
[[0;32m  OK  [0m] Reached target Network (Pre).
[[0;32m  OK  [0m] Started LSB: AppArmor initialization.
         Starting Raise network interfaces...
         Starting Load AppArmor profiles managed internally by snapd...
[[0;32m  OK  [0m] Started Load AppArmor profiles managed internally by snapd.
[[0;32m  OK  [0m] Started Raise network interfaces.
[[0;32m  OK  [0m] Reached target Network.
         Starting Initial cloud-init job (metadata service crawler)...
[   14.740427] cloud-init[975]: Cloud-init v. 21.1-19-gbad84ad4-0ubuntu1~16.04.2 running 'init' at Mon, 05 Sep 2022 23:50:05 +0000. Up 13.08 seconds.
[   14.744792] cloud-init[975]: ci-info: ++++++++++++++++++++++++++++++++++++++Net device info+++++++++++++++++++++++++++++++++++++++
[   14.752815] cloud-init[975]: ci-info: +--------+-------+----------------------------+---------------+--------+-------------------+
[   14.771037] cloud-init[975]: ci-info: | Device |   Up  |          Address           |      Mask     | Scope  |     Hw-Address    |
[   14.774745] cloud-init[975]: ci-info: +--------+-------+----------------------------+---------------+--------+-------------------+
[   14.778965] cloud-init[975]: ci-info: | enp0s3 |  True |         10.0.2.15          | 255.255.255.0 | global | 02:be:82:6b:cc:1d |
[   14.815042] cloud-init[975]: ci-info: | enp0s3 |  True | fe80::be:82ff:fe6b:cc1d/64 |       .       |  link  | 02:be:82:6b:cc:1d |
[   14.820763] cloud-init[975]: ci-info: | enp0s8 | False |             .              |       .       |   .    | 08:00:27:3c:f2:8e |
[   14.824462] cloud-init[975]: ci-info: |   lo   |  True |         127.0.0.1          |   255.0.0.0   |  host  |         .         |
[   14.842304] cloud-init[975]: ci-info: |   lo   |  True |          ::1/128           |       .       |  host  |         .         |
[   14.845580] cloud-init[975]: ci-info: +--------+-------+----------------------------+---------------+--------+-------------------+
[   14.848227] cloud-init[975]: ci-info: +++++++++++++++++++++++++++Route IPv4 info++++++++++++++++++++++++++++
[   14.850718] cloud-init[975]: ci-info: +-------+-------------+----------+---------------+-----------+-------+
[   14.853361] cloud-init[975]: ci-info: | Route | Destination | Gateway  |    Genmask    | Interface | Flags |
[   14.855961] cloud-init[975]: ci-info: +-------+-------------+----------+---------------+-----------+-------+
[   14.858291] cloud-init[975]: ci-info: |   0   |   0.0.0.0   | 10.0.2.2 |    0.0.0.0    |   enp0s3  |   UG  |[[0;32m  OK  [0m] Started Initial cloud-init job (metadata service crawler).
[[0;32m  OK  [0m] Reached target Cloud-config availability.
[   14.866354] cloud-init[975]: ci-info: |   1   |   10.0.2.0  | 0.0.0.0  | 255.255.255.0 |   enp0s3  |   U   |
[   14.869930] cloud-init[975]: ci-info: +-------+-------------+----------+---------------+-----------+-------+
[   14.871841] 
[[0;32m  OK  [0m] Reached target System Initialization.
[[0;32m  OK  [0m] Listening on ACPID Listen Socket.
[[0;32m  OK  [0m] Started Daily apt download activities.cloud-init[975]: ci-info: +++++++++++++++++++Route IPv6 info+++++++++++++++++++
[   14.877971] cloud-init[975]: ci-info: +-------+-------------+---------+-----------+-------+
[   14.879680] cloud-init
[[0;32m  OK  [0m] Started Daily Cleanup of Temporary Directories.
         Starting Socket activation for snappy daemon.
[[0;32m  OK  [0m] Listening on UUID daemon activation socket.[975]: ci-info: | Route | Destination | Gateway | Interface | Flags |
[   14.885756] cloud-init[975]: ci-info: +-------+-------------+---------+-----------+-------+
[   14.887724] 
cloud-init[975]: ci-info: |   0   |  fe80::/64  |    ::   |   enp0s3  |   U   |         Starting LXD - unix socket.
[[0;32m  OK  [0m] Started Message of the Day.
[[0;32m  OK  [0m] Started Daily apt upgrade and clean activities.
[[0;32m  OK  [0m
[   14.896392] cloud-init[975]: ci-info: |   3   |   ff00::/8  |    ::   |   enp0s3  |   U   |
[   14.898073] cloud-init[975]: ci-info: +-------+-------------+---------+-----------+-------+] Started Ubuntu Advantage update messaging.
[[0;32m  OK  [0m] Reached target Timers.
[[0;32m  OK  [0m] Listening on D-Bus System Message Bus Socket.
[   14.904800] cloud-init[975]: Generating public/private rsa key pair.
[   14.906663] cloud-init[975]: Your identification has been saved in /etc/ssh/ssh_host_rsa_key.

[   14.917439] cloud-init[975]: Your public key has been saved in /etc/ssh/ssh_host_rsa_key.pub.
[[0;32m  OK  [0m] Started ACPI Events Check.
[   14.924292] cloud-init[975]: The key fingerprint is:
[   14.927208] cloud-init[975]: [[0;32m  OK  [0m] Reached target Paths.
[[0;32m  OK  [0m] Reached target Network is Online.
SHA256:Z720i67DgeHj+IMtw4JfYgA7uc94iN/Gv4jRX2xsXns root@ubuntu-xenial
[   14.933790] cloud-init[975]: The key's randomart image is:
[   14.936949] cloud-init[975]: +---[RSA 2048]----+
         Starting iSCSI initiator daemon (iscsid)...
[   14.940009] cloud-init[975]: |                 |
[   14.943727] cloud-init[975]: |                 |
[   14.952463] cloud-init[975]: |.                |
[[0;32m  OK  [0m] Listening on Socket activation for snappy daemon.
[[0;32m  OK  [0m] Listening on LXD - unix socket.
[[0;32m  OK  [0m] Reached target Sockets.
[[0;32m  OK  [0m] Reached target Basic System.[   14.955908] cloud-init[975]: |.o    .    .     |
[   14.961368] cloud-init[975]: |=    . oS o o    |
[   14.962417] cloud-init[975]: | + .  +o.o . o   |
[   14.963675] cloud-init[975]: |oo+oo= o*.. o    |

[[0;32m  OK  [0m] Started Deferred execution scheduler.
[   14.967644] cloud-init[975]: |+=o*Oo+=o. oE.   |
[   14.971051] cloud-init[975]: |.+*oo==oo++..    |
[   14.972436] cloud-init[975]: +----[SHA256]-----+
[   14.975476] cloud-init[975]: Generating public/private dsa key pair.         Starting Virtualbox guest utils...
         Starting Accounts Service...

[   14.984283] cloud-init[975]: Your identification has been saved in /etc/ssh/ssh_host_dsa_key.
[   14.991374] cloud-init[975]: Your public key has been saved in /etc/ssh/ssh_host_dsa_key.pub.
[   15.000473] cloud-init[975]: The key fingerprint is:
[   15.002252] cloud-init[975]: SHA256:B+WkdH8Xa8sWp/s/ivbDj8OyYNrCXAD4q9lI7KrdpgU root@ubuntu-xenial
[   15.004798] cloud-init[975]: The key's randomart image is:
[   15.006588] cloud-init[975]: +---[DSA 1024]----+
[   15.007795] cloud-init[975]: |    .   . +    . |
[   15.009039] cloud-init[975]: |   . . . * .    o|
[   15.010692] cloud-init[975]: |    . . o . . .+o|
[   15.012426] cloud-init[975]: |     . . .   .oo+|
[   15.014108] cloud-init[975]: |  E   . S .   .+ |
[   15.015544] cloud-init[975]: |   + .   o    .. |
[   15.016964] cloud-init[975]: |  o * o .o  o .  |
[   15.018709] cloud-init[975]: | . B.. ++ .o.=.o |
[   15.020376] cloud-init[975]: |o.+o.  ....o++=.=|
[   15.028502] cloud-init[975]: +----[SHA256]-----+
[   15.030015] cloud-init[975]: Generating public/private ecdsa key pair.
[   15.031975] cloud-init[975]: Your identification has been saved in /etc/ssh/ssh_host_ecdsa_key.
[   15.035032] cloud-init[975]: Your public key has been saved in /etc/ssh/ssh_host_ecdsa_key.pub.
[   15.038030] cloud-init[975]: The key fingerprint is:
[   15.041499] cloud-init[975]: SHA256:qYV06YQ7r7TZ7Z1850WeZmrYd0ar544hSkLAdzdxzSg root@ubuntu-xenial
[   15.044935] cloud-init[975]: The key's randomart image is:
[   15.047129] cloud-init[975]: +---[ECDSA 256]---+
[   15.049354] cloud-init[975]: |           . .+  |
[   15.051511] cloud-init[975]: |    .  . . Eo. o |
[   15.053709] cloud-init[975]: |     oo.+. o.    |
[   15.055761] cloud-init[975]: |     .o*... .    |
[   15.057938] cloud-init[975]: |      +.S       .|
[   15.059657] cloud-init[975]: |      .=       oo|
[   15.061347] cloud-init[975]: |      o... .o. =+|
[   15.063350] cloud-init[975]: |     . =o..+.+B+=|
[   15.065136] cloud-init[975]: |      + .oo ==**o|
[   15.067102] cloud-init[975]: +----[SHA256]-----+
[   15.068603] cloud-init[975]: Generating public/private ed25519 key pair.
[   15.070425] cloud-init[975]: Your identification has been saved in /etc/ssh/ssh_host_ed25519_key.
[   15.072713] cloud-init[975]: Your public key has been saved in /etc/ssh/ssh_host_ed25519_key.pub.
[   15.074857] cloud-init[975]: The key fingerprint is:
[   15.077088] cloud-init[975]: SHA256:Gd3KA6srE8zkojpzr5eGcm0/+b4xNYkxYJ9hpbrrfzQ root@ubuntu-xenial
[   15.079806] cloud-init[975]: The key's randomart image is:
[   15.082027] cloud-init[975]: +--[ED25519 256]--+
[   15.083686] cloud-init[975]: |      o o..      |
[   15.085497] cloud-init[975]: |     . + = .     |
[   15.087749] cloud-init[975]: |        O . .    |
[   15.089642] cloud-init[975]: |    .  . X o     |
[   15.091319] cloud-init[975]: |   =  . S B      |
[   15.093017] cloud-init[975]: |  . =  o .Eo     |
[   15.100469] cloud-init[975]: | . + oo.o. .     |
[   15.102504] cloud-init[975]: |= + O oo o.      |
[   15.104655] cloud-init[975]: |o*.*.====o       |
[   15.106721] cloud-init[975]: +----[SHA256]-----+
         Starting Pollinate to seed the pseudo random number generator...
[[0;32m  OK  [0m] Started FUSE filesystem for LXC.
[[0;32m  OK  [0m] Started Regular background program processing daemon.
         Starting LSB: Record successful boot for GRUB...
         Starting Login Service...
[[0;32m  OK  [0m] Started D-Bus System Message Bus.
[[0;32m  OK  [0m] Started ACPI event daemon.
         Starting /etc/rc.local Compatibility...
         Starting System Logging Service...
         Starting LSB: MD monitoring daemon...
         Starting LXD - container startup/shutdown...
         Starting Snap Daemon...
[[0;32m  OK  [0m] Started /etc/rc.local Compatibility.
[[0;32m  OK  [0m] Started iSCSI initiator daemon (iscsid).
         Starting Login to default iSCSI targets...
[[0;32m  OK  [0m] Started Login Service.
[[0;32m  OK  [0m] Started Unattended Upgrades Shutdown.
         Starting Authenticate and Authorize Users to Run Privileged Tasks...
[[0;32m  OK  [0m] Started System Logging Service.
[[0;32m  OK  [0m] Started LSB: Record successful boot for GRUB.
[[0;32m  OK  [0m] Started Login to default iSCSI targets.
[[0;32m  OK  [0m] Reached target Remote File Systems (Pre).
[[0;32m  OK  [0m] Reached target Remote File Systems.
         Starting LSB: Set the CPU Frequency Scaling governor to "ondemand"...
         Starting LSB: automatic crash report generation...
         Starting Permit User Sessions...
         Starting LSB: daemon to balance interrupts for SMP systems...
[[0;32m  OK  [0m] Started Permit User Sessions.
         Starting Terminate Plymouth Boot Screen...
         Starting Hold until boot process finishes up...
[[0;32m  OK  [0m] Started Hold until boot process finishes up.
[[0;32m  OK  [0m] Started Terminate Plymouth Boot Screen.
[[0;32m  OK  [0m] Started Getty on tty1.
         Starting Set console scheme...
[[0;32m  OK  [0m] Started Serial Getty on ttyS0.
[[0;32m  OK  [0m] Reached target Login Prompts.
[[0;32m  OK  [0m] Started LSB: Set the CPU Frequency Scaling governor to "ondemand".
[[0;32m  OK  [0m] Started Set console scheme.
[[0;32m  OK  [0m] Started LSB: MD monitoring daemon.
[[0;32m  OK  [0m] Started Authenticate and Authorize Users to Run Privileged Tasks.
[[0;32m  OK  [0m] Started Accounts Service.
[[0;32m  OK  [0m] Started LSB: daemon to balance interrupts for SMP systems.
[[0;32m  OK  [0m] Started LXD - container startup/shutdown.
[[0;32m  OK  [0m] Started LSB: automatic crash report generation.
[[0;32m  OK  [0m] Started Virtualbox guest utils.
[[0;32m  OK  [0m] Started Snap Daemon.
         Starting Wait until snapd is fully seeded...
[[0;32m  OK  [0m] Started Pollinate to seed the pseudo random number generator.
         Starting OpenBSD Secure Shell server...
[[0;32m  OK  [0m] Started OpenBSD Secure Shell server.
[[0;32m  OK  [0m] Created slice User Slice of vagrant.
         Starting User Manager for UID 1000...
[[0;32m  OK  [0m] Started Session 1 of user vagrant.
[[0;32m  OK  [0m] Started User Manager for UID 1000.
[[0;32m  OK  [0m] Started Wait until snapd is fully seeded.
[[0;32m  OK  [0m] Reached target Multi-User System.
[[0;32m  OK  [0m] Reached target Graphical Interface.
         Starting Update UTMP about System Runlevel Changes...
         Starting Apply the settings specified in cloud-config...
[[0;32m  OK  [0m] Started Update UTMP about System Runlevel Changes.
[   21.526689] cloud-init[1400]: Generating locales (this might take a while)...

Ubuntu 16.04.7 LTS ubuntu-xenial ttyS0

ubuntu-xenial login: [   24.273626] cloud-init[1400]:   en_US.UTF-8... done
[   24.280661] cloud-init[1400]: Generation complete.
[   25.182202] cloud-init[1400]: Cloud-init v. 21.1-19-gbad84ad4-0ubuntu1~16.04.2 running 'modules:config' at Mon, 05 Sep 2022 23:50:13 +0000. Up 21.10 seconds.
ci-info: no authorized SSH keys fingerprints found for user ubuntu.
<14>Sep  5 23:50:18 ec2: 
<14>Sep  5 23:50:18 ec2: #############################################################
<14>Sep  5 23:50:18 ec2: -----BEGIN SSH HOST KEY FINGERPRINTS-----
<14>Sep  5 23:50:18 ec2: 1024 SHA256:B+WkdH8Xa8sWp/s/ivbDj8OyYNrCXAD4q9lI7KrdpgU root@ubuntu-xenial (DSA)
<14>Sep  5 23:50:18 ec2: 256 SHA256:qYV06YQ7r7TZ7Z1850WeZmrYd0ar544hSkLAdzdxzSg root@ubuntu-xenial (ECDSA)
<14>Sep  5 23:50:18 ec2: 256 SHA256:Gd3KA6srE8zkojpzr5eGcm0/+b4xNYkxYJ9hpbrrfzQ root@ubuntu-xenial (ED25519)
<14>Sep  5 23:50:18 ec2: 2048 SHA256:Z720i67DgeHj+IMtw4JfYgA7uc94iN/Gv4jRX2xsXns root@ubuntu-xenial (RSA)
<14>Sep  5 23:50:18 ec2: -----END SSH HOST KEY FINGERPRINTS-----
<14>Sep  5 23:50:18 ec2: #############################################################
-----BEGIN SSH HOST KEY KEYS-----
ecdsa-sha2-nistp256 AAAAE2VjZHNhLXNoYTItbmlzdHAyNTYAAAAIbmlzdHAyNTYAAABBBI0mjy7VBPtTJEmb+uHzLxHle9Noivca59/wVVIXTb1PMDB9Lchwi/P+V3+lgl/RpBeuF1gHmjw/v6yK4iR7GbE= root@ubuntu-xenial
ssh-ed25519 AAAAC3NzaC1lZDI1NTE5AAAAIOzTYnm5AkBC+qqlPF94rz50oknYFL3OCPW8Zay5eCYk root@ubuntu-xenial
ssh-rsa AAAAB3NzaC1yc2EAAAADAQABAAABAQDpNEZa1kGaJ2BnOxOsb7lhH6rLKTGpyI0l3yH8K5E2w552sSc6PPP0cxc6PG84Lgxm55f3oaroSxyBYE9u6lWWS0kqGasKmIqyTV39qn64XCneXPTlZ4j/+sllZQOJ5++B9FOCV2WNFk54gKZ9Zs1jGw5+BIPUVrWdGCk41bbprmvI6gkvvGC3HfJ5crwCig2pDBRqehiOrG+aC6xtQZfCjMXh6p9cBPjFl9Ax8jY01Oxw29PjDk2L5qGLjOn853rrr2aMmPX7epXqEt3Ws9dVs73EQdkcUDK4UrvcbT+3nAURBUDQy58wQafRGyW04yi2+c2HzHSATNvZZltIQdJL root@ubuntu-xenial
-----END SSH HOST KEY KEYS-----
[   26.564323] cloud-init[1626]: Cloud-init v. 21.1-19-gbad84ad4-0ubuntu1~16.04.2 running 'modules:final' at Mon, 05 Sep 2022 23:50:18 +0000. Up 26.03 seconds.
[   26.587005] cloud-init[1626]: ci-info: no authorized SSH keys fingerprints found for user ubuntu.
[   26.588886] cloud-init[1626]: Cloud-init v. 21.1-19-gbad84ad4-0ubuntu1~16.04.2 finished at Mon, 05 Sep 2022 23:50:18 +0000. Datasource DataSourceNoCloud [seed=/dev/sdb][dsmode=net].  Up 26.52 seconds
