[    0.000000] Initializing cgroup subsys cpuset
[    0.000000] Initializing cgroup subsys cpu
[    0.000000] Initializing cgroup subsys cpuacct
[    0.000000] Linux version 4.4.0-210-generic (buildd@lgw01-amd64-009) (gcc version 5.4.0 20160609 (Ubuntu 5.4.0-6ubuntu1~16.04.12) ) #242-Ubuntu SMP Fri Apr 16 09:57:56 UTC 2021 (Ubuntu 4.4.0-210.242-generic 4.4.262)
[    0.000000] Command line: BOOT_IMAGE=/boot/vmlinuz-4.4.0-210-generic root=LABEL=cloudimg-rootfs ro console=tty1 console=ttyS0
[    0.000000] KERNEL supported cpus:
[    0.000000]   Intel GenuineIntel
[    0.000000]   AMD AuthenticAMD
[    0.000000]   Centaur CentaurHauls
[    0.000000] x86/fpu: xstate_offset[2]:  576, xstate_sizes[2]:  256
[    0.000000] x86/fpu: Supporting XSAVE feature 0x01: 'x87 floating point registers'
[    0.000000] x86/fpu: Supporting XSAVE feature 0x02: 'SSE registers'
[    0.000000] x86/fpu: Supporting XSAVE feature 0x04: 'AVX registers'
[    0.000000] x86/fpu: Enabled xstate features 0x7, context size is 832 bytes, using 'standard' format.
[    0.000000] e820: BIOS-provided physical RAM map:
[    0.000000] BIOS-e820: [mem 0x0000000000000000-0x000000000009fbff] usable
[    0.000000] BIOS-e820: [mem 0x000000000009fc00-0x000000000009ffff] reserved
[    0.000000] BIOS-e820: [mem 0x00000000000f0000-0x00000000000fffff] reserved
[    0.000000] BIOS-e820: [mem 0x0000000000100000-0x00000000dffeffff] usable
[    0.000000] BIOS-e820: [mem 0x00000000dfff0000-0x00000000dfffffff] ACPI data
[    0.000000] BIOS-e820: [mem 0x00000000fec00000-0x00000000fec00fff] reserved
[    0.000000] BIOS-e820: [mem 0x00000000fee00000-0x00000000fee00fff] reserved
[    0.000000] BIOS-e820: [mem 0x00000000fffc0000-0x00000000ffffffff] reserved
[    0.000000] BIOS-e820: [mem 0x0000000100000000-0x000000011fffffff] usable
[    0.000000] NX (Execute Disable) protection: active
[    0.000000] SMBIOS 2.5 present.
[    0.000000] Hypervisor detected: KVM
[    0.000000] e820: last_pfn = 0x120000 max_arch_pfn = 0x400000000
[    0.000000] MTRR: Disabled
[    0.000000] x86/PAT: MTRRs disabled, skipping PAT initialization too.
[    0.000000] CPU MTRRs all blank - virtualized system.
[    0.000000] x86/PAT: Configuration [0-7]: WB  WT  UC- UC  WB  WT  UC- UC  
[    0.000000] e820: last_pfn = 0xdfff0 max_arch_pfn = 0x400000000
[    0.000000] found SMP MP-table at [mem 0x0009fff0-0x0009ffff] mapped at [ffff88000009fff0]
[    0.000000] Scanning 1 areas for low memory corruption
[    0.000000] RAMDISK: [mem 0x362dc000-0x37165fff]
[    0.000000] ACPI: Early table checksum verification disabled
[    0.000000] ACPI: RSDP 0x00000000000E0000 000024 (v02 VBOX  )
[    0.000000] ACPI: XSDT 0x00000000DFFF0030 00003C (v01 VBOX   VBOXXSDT 00000001 ASL  00000061)
[    0.000000] ACPI: FACP 0x00000000DFFF00F0 0000F4 (v04 VBOX   VBOXFACP 00000001 ASL  00000061)
[    0.000000] ACPI: DSDT 0x00000000DFFF0470 002325 (v02 VBOX   VBOXBIOS 00000002 INTL 20200925)
[    0.000000] ACPI: FACS 0x00000000DFFF0200 000040
[    0.000000] ACPI: FACS 0x00000000DFFF0200 000040
[    0.000000] ACPI: APIC 0x00000000DFFF0240 00005C (v02 VBOX   VBOXAPIC 00000001 ASL  00000061)
[    0.000000] ACPI: SSDT 0x00000000DFFF02A0 0001CC (v01 VBOX   VBOXCPUT 00000002 INTL 20200925)
[    0.000000] No NUMA configuration found
[    0.000000] Faking a node at [mem 0x0000000000000000-0x000000011fffffff]
[    0.000000] NODE_DATA(0) allocated [mem 0x11fff7000-0x11fffbfff]
[    0.000000] kvm-clock: Using msrs 4b564d01 and 4b564d00
[    0.000000] kvm-clock: cpu 0, msr 1:1ffef001, primary cpu clock
[    0.000000] kvm-clock: using sched offset of 4197005393 cycles
[    0.000000] clocksource: kvm-clock: mask: 0xffffffffffffffff max_cycles: 0x1cd42e4dffb, max_idle_ns: 881590591483 ns
[    0.000000] Zone ranges:
[    0.000000]   DMA      [mem 0x0000000000001000-0x0000000000ffffff]
[    0.000000]   DMA32    [mem 0x0000000001000000-0x00000000ffffffff]
[    0.000000]   Normal   [mem 0x0000000100000000-0x000000011fffffff]
[    0.000000]   Device   empty
[    0.000000] Movable zone start for each node
[    0.000000] Early memory node ranges
[    0.000000]   node   0: [mem 0x0000000000001000-0x000000000009efff]
[    0.000000]   node   0: [mem 0x0000000000100000-0x00000000dffeffff]
[    0.000000]   node   0: [mem 0x0000000100000000-0x000000011fffffff]
[    0.000000] Initmem setup node 0 [mem 0x0000000000001000-0x000000011fffffff]
[    0.000000] ACPI: PM-Timer IO Port: 0x4008
[    0.000000] IOAPIC[0]: apic_id 2, version 32, address 0xfec00000, GSI 0-23
[    0.000000] ACPI: INT_SRC_OVR (bus 0 bus_irq 0 global_irq 2 dfl dfl)
[    0.000000] ACPI: INT_SRC_OVR (bus 0 bus_irq 9 global_irq 9 low level)
[    0.000000] Using ACPI (MADT) for SMP configuration information
[    0.000000] smpboot: Allowing 2 CPUs, 0 hotplug CPUs
[    0.000000] PM: Registered nosave memory: [mem 0x00000000-0x00000fff]
[    0.000000] PM: Registered nosave memory: [mem 0x0009f000-0x0009ffff]
[    0.000000] PM: Registered nosave memory: [mem 0x000a0000-0x000effff]
[    0.000000] PM: Registered nosave memory: [mem 0x000f0000-0x000fffff]
[    0.000000] PM: Registered nosave memory: [mem 0xdfff0000-0xdfffffff]
[    0.000000] PM: Registered nosave memory: [mem 0xe0000000-0xfebfffff]
[    0.000000] PM: Registered nosave memory: [mem 0xfec00000-0xfec00fff]
[    0.000000] PM: Registered nosave memory: [mem 0xfec01000-0xfedfffff]
[    0.000000] PM: Registered nosave memory: [mem 0xfee00000-0xfee00fff]
[    0.000000] PM: Registered nosave memory: [mem 0xfee01000-0xfffbffff]
[    0.000000] PM: Registered nosave memory: [mem 0xfffc0000-0xffffffff]
[    0.000000] e820: [mem 0xe0000000-0xfebfffff] available for PCI devices
[    0.000000] Booting paravirtualized kernel on KVM
[    0.000000] clocksource: refined-jiffies: mask: 0xffffffff max_cycles: 0xffffffff, max_idle_ns: 7645519600211568 ns
[    0.000000] setup_percpu: NR_CPUS:512 nr_cpumask_bits:512 nr_cpu_ids:2 nr_node_ids:1
[    0.000000] PERCPU: Embedded 33 pages/cpu @ffff88011fc00000 s95192 r8192 d31784 u1048576
[    0.000000] Built 1 zonelists in Node order, mobility grouping on.  Total pages: 1032056
[    0.000000] Policy zone: Normal
[    0.000000] Kernel command line: BOOT_IMAGE=/boot/vmlinuz-4.4.0-210-generic root=LABEL=cloudimg-rootfs ro console=tty1 console=ttyS0
[    0.000000] PID hash table entries: 4096 (order: 3, 32768 bytes)
[    0.000000] Memory: 4028304K/4193848K available (8644K kernel code, 1332K rwdata, 4044K rodata, 1492K init, 1164K bss, 165544K reserved, 0K cma-reserved)
[    0.000000] SLUB: HWalign=64, Order=0-3, MinObjects=0, CPUs=2, Nodes=1
[    0.000000] Kernel/User page tables isolation: enabled
[    0.000000] Hierarchical RCU implementation.
[    0.000000] 	Build-time adjustment of leaf fanout to 64.
[    0.000000] 	RCU restricting CPUs from NR_CPUS=512 to nr_cpu_ids=2.
[    0.000000] RCU: Adjusting geometry for rcu_fanout_leaf=64, nr_cpu_ids=2
[    0.000000] NR_IRQS:33024 nr_irqs:440 16
[    0.000000] Console: colour VGA+ 80x25
[    0.000000] console [tty1] enabled
[    0.000000] console [ttyS0] enabled
[    0.000000] tsc: Detected 1895.693 MHz processor
[    0.369521] Calibrating delay loop (skipped) preset value.. 3791.38 BogoMIPS (lpj=7582772)
[    0.372208] pid_max: default: 32768 minimum: 301
[    0.373827] ACPI: Core revision 20150930
[    0.377180] ACPI: 2 ACPI AML tables successfully acquired and loaded
[    0.379536] Security Framework initialized
[    0.381443] Yama: becoming mindful.
[    0.383045] AppArmor: AppArmor initialized
[    0.386407] Dentry cache hash table entries: 524288 (order: 10, 4194304 bytes)
[    0.393054] Inode-cache hash table entries: 262144 (order: 9, 2097152 bytes)
[    0.396914] Mount-cache hash table entries: 8192 (order: 4, 65536 bytes)
[    0.400036] Mountpoint-cache hash table entries: 8192 (order: 4, 65536 bytes)
[    0.404837] Initializing cgroup subsys io
[    0.406779] Initializing cgroup subsys memory
[    0.408909] Initializing cgroup subsys devices
[    0.411152] Initializing cgroup subsys freezer
[    0.413504] Initializing cgroup subsys net_cls
[    0.415655] Initializing cgroup subsys perf_event
[    0.417960] Initializing cgroup subsys net_prio
[    0.420147] Initializing cgroup subsys hugetlb
[    0.422281] Initializing cgroup subsys pids
[    0.424615] mce: CPU supports 0 MCE banks
[    0.426850] Last level iTLB entries: 4KB 512, 2MB 8, 4MB 8
[    0.429527] Last level dTLB entries: 4KB 512, 2MB 32, 4MB 32, 1GB 0
[    0.432399] Spectre V1 : Mitigation: usercopy/swapgs barriers and __user pointer sanitization
[    0.435511] Spectre V2 : Mitigation: Full generic retpoline
[    0.437377] Spectre V2 : Spectre v2 / SpectreRSB mitigation: Filling RSB on context switch
[    0.440662] Speculative Store Bypass: Vulnerable
[    0.442787] MDS: Mitigation: Clear CPU buffers
[    0.449168] Freeing SMP alternatives memory: 36K
[    0.460765] ftrace: allocating 32380 entries in 127 pages
[    0.553821] smpboot: APIC(0) Converting physical 0 to logical package 0
[    0.555825] smpboot: Max logical packages: 1
[    0.557677] x2apic enabled
[    0.559056] Switched APIC routing to physical x2apic.
[    0.562366] ..TIMER: vector=0x30 apic1=0 pin1=2 apic2=-1 pin2=-1
[    0.672668] smpboot: CPU0: Intel(R) Xeon(R) CPU E5-2420 0 @ 1.90GHz (family: 0x6, model: 0x2d, stepping: 0x7)
[    0.676297] Performance Events: unsupported p6 CPU model 45 no PMU driver, software events only.
[    0.695875] KVM setup paravirtual spinlock
[    0.698324] x86: Booting SMP configuration:
[    0.699634] .... node  #0, CPUs:      #1
[    0.701325] kvm-clock: cpu 1, msr 1:1ffef041, secondary cpu clock
[    0.703619] mce: CPU supports 0 MCE banks
[    0.707068] x86: Booted up 1 node, 2 CPUs
[    0.708649] smpboot: Total of 2 processors activated (7582.77 BogoMIPS)
[    0.711342] devtmpfs: initialized
[    0.715287] evm: security.selinux
[    0.716525] evm: security.SMACK64
[    0.717874] evm: security.SMACK64EXEC
[    0.719224] evm: security.SMACK64TRANSMUTE
[    0.720642] evm: security.SMACK64MMAP
[    0.722013] evm: security.ima
[    0.723160] evm: security.capability
[    0.725716] clocksource: jiffies: mask: 0xffffffff max_cycles: 0xffffffff, max_idle_ns: 7645041785100000 ns
[    0.729378] futex hash table entries: 512 (order: 3, 32768 bytes)
[    0.731540] pinctrl core: initialized pinctrl subsystem
[    0.733410] RTC time:  2:25:12, date: 09/15/22
[    0.735342] NET: Registered protocol family 16
[    0.745367] cpuidle: using governor ladder
[    0.757506] cpuidle: using governor menu
[    0.758843] PCCT header not found.
[    0.760224] ACPI: bus type PCI registered
[    0.761661] acpiphp: ACPI Hot Plug PCI Controller Driver version: 0.5
[    0.763768] PCI: Using configuration type 1 for base access
[    0.780817] ACPI: Added _OSI(Module Device)
[    0.783406] ACPI: Added _OSI(Processor Device)
[    0.786088] ACPI: Added _OSI(3.0 _SCP Extensions)
[    0.788700] ACPI: Added _OSI(Processor Aggregator Device)
[    0.793497] ACPI: Executed 1 blocks of module-level executable AML code
[    0.801015] ACPI: Interpreter enabled
[    0.802366] ACPI: (supports S0 S5)
[    0.803634] ACPI: Using IOAPIC for interrupt routing
[    0.805376] PCI: Using host bridge windows from ACPI; if necessary, use "pci=nocrs" and report a bug
[    0.813879] ACPI: PCI Root Bridge [PCI0] (domain 0000 [bus 00-ff])
[    0.815920] acpi PNP0A03:00: _OSC: OS supports [ASPM ClockPM Segments MSI]
[    0.818636] acpi PNP0A03:00: _OSC: not requesting OS control; OS requires [ExtendedConfig ASPM ClockPM MSI]
[    0.821735] acpi PNP0A03:00: fail to add MMCONFIG information, can't access extended PCI configuration space under this bridge.
[    0.826040] PCI host bridge to bus 0000:00
[    0.842809] pci_bus 0000:00: root bus resource [io  0x0000-0x0cf7 window]
[    0.844934] pci_bus 0000:00: root bus resource [io  0x0d00-0xffff window]
[    0.846989] pci_bus 0000:00: root bus resource [mem 0x000a0000-0x000bffff window]
[    0.849428] pci_bus 0000:00: root bus resource [mem 0xe0000000-0xfdffffff window]
[    0.852170] pci_bus 0000:00: root bus resource [bus 00-ff]
[    0.856577] pci 0000:00:01.1: legacy IDE quirk: reg 0x10: [io  0x01f0-0x01f7]
[    0.858836] pci 0000:00:01.1: legacy IDE quirk: reg 0x14: [io  0x03f6]
[    0.861312] pci 0000:00:01.1: legacy IDE quirk: reg 0x18: [io  0x0170-0x0177]
[    0.864044] pci 0000:00:01.1: legacy IDE quirk: reg 0x1c: [io  0x0376]
[    0.931390] pci 0000:00:07.0: quirk: [io  0x4000-0x403f] claimed by PIIX4 ACPI
[    0.934387] pci 0000:00:07.0: quirk: [io  0x4100-0x410f] claimed by PIIX4 SMB
[    0.978867] ACPI: PCI Interrupt Link [LNKA] (IRQs 5 9 10 *11)
[    0.982284] ACPI: PCI Interrupt Link [LNKB] (IRQs 5 9 *10 11)
[    0.985418] ACPI: PCI Interrupt Link [LNKC] (IRQs 5 *9 10 11)
[    0.988392] ACPI: PCI Interrupt Link [LNKD] (IRQs 5 9 10 *11)
[    0.991436] ACPI: Enabled 2 GPEs in block 00 to 07
[    0.993578] vgaarb: setting as boot device: PCI:0000:00:02.0
[    0.995412] vgaarb: device added: PCI:0000:00:02.0,decodes=io+mem,owns=io+mem,locks=none
[    0.998115] vgaarb: loaded
[    0.999318] vgaarb: bridge control possible 0000:00:02.0
[    1.001406] SCSI subsystem initialized
[    1.003070] ACPI: bus type USB registered
[    1.005508] usbcore: registered new interface driver usbfs
[    1.007873] usbcore: registered new interface driver hub
[    1.009863] usbcore: registered new device driver usb
[    1.012196] PCI: Using ACPI for IRQ routing
[    1.014094] NetLabel: Initializing
[    1.015518] NetLabel:  domain hash size = 128
[    1.017270] NetLabel:  protocols = UNLABELED CIPSOv4
[    1.019658] NetLabel:  unlabeled traffic allowed by default
[    1.023680] amd_nb: Cannot enumerate AMD northbridges
[    1.027934] clocksource: Switched to clocksource kvm-clock
[    1.043481] AppArmor: AppArmor Filesystem Enabled
[    1.045284] pnp: PnP ACPI init
[    1.047741] pnp: PnP ACPI: found 3 devices
[    1.061360] clocksource: acpi_pm: mask: 0xffffff max_cycles: 0xffffff, max_idle_ns: 2085701024 ns
[    1.064523] NET: Registered protocol family 2
[    1.066198] TCP established hash table entries: 32768 (order: 6, 262144 bytes)
[    1.069590] TCP bind hash table entries: 32768 (order: 7, 524288 bytes)
[    1.072619] TCP: Hash tables configured (established 32768 bind 32768)
[    1.074748] UDP hash table entries: 2048 (order: 4, 65536 bytes)
[    1.076490] UDP-Lite hash table entries: 2048 (order: 4, 65536 bytes)
[    1.078426] NET: Registered protocol family 1
[    1.079848] pci 0000:00:00.0: Limiting direct PCI/PCI transfers
[    1.081613] pci 0000:00:01.0: Activating ISA DMA hang workarounds
[    1.083845] Unpacking initramfs...
[    1.392993] Freeing initrd memory: 14888K
[    1.394460] PCI-DMA: Using software bounce buffering for IO (SWIOTLB)
[    1.396337] software IO TLB: mapped [mem 0xdbff0000-0xdfff0000] (64MB)
[    1.398347] RAPL PMU detected, API unit is 2^-32 Joules, 3 fixed counters 10737418240 ms ovfl timer
[    1.401107] hw unit of domain pp0-core 2^-0 Joules
[    1.402514] hw unit of domain package 2^-0 Joules
[    1.403923] hw unit of domain dram 2^-0 Joules
[    1.405494] clocksource: tsc: mask: 0xffffffffffffffff max_cycles: 0x36a68ea8fe5, max_idle_ns: 881590678518 ns
[    1.408849] platform rtc_cmos: registered platform RTC device (no PNP device found)
[    1.411394] Scanning for low memory corruption every 60 seconds
[    1.413939] audit: initializing netlink subsys (disabled)
[    1.415627] audit: type=2000 audit(1663208718.614:1): initialized
[    1.418028] Initialise system trusted keyring
[    1.419776] HugeTLB registered 2 MB page size, pre-allocated 0 pages
[    1.423766] zbud: loaded
[    1.425358] VFS: Disk quotas dquot_6.6.0
[    1.426704] VFS: Dquot-cache hash table entries: 512 (order 0, 4096 bytes)
[    1.429002] squashfs: version 4.0 (2009/01/31) Phillip Lougher
[    1.431188] fuse init (API version 7.23)
[    1.432782] Key type big_key registered
[    1.434072] Allocating IMA MOK and blacklist keyrings.
[    1.439434] Key type asymmetric registered
[    1.440872] Asymmetric key parser 'x509' registered
[    1.442360] Block layer SCSI generic (bsg) driver version 0.4 loaded (major 249)
[    1.444903] io scheduler noop registered
[    1.446151] io scheduler deadline registered (default)
[    1.447734] io scheduler cfq registered
[    1.449256] pci_hotplug: PCI Hot Plug PCI Core version: 0.5
[    1.451068] pciehp: PCI Express Hot Plug Controller Driver version: 0.4
[    1.453321] ACPI: AC Adapter [AC] (on-line)
[    1.454858] input: Power Button as /devices/LNXSYSTM:00/LNXPWRBN:00/input/input0
[    1.457528] ACPI: Power Button [PWRF]
[    1.458900] input: Sleep Button as /devices/LNXSYSTM:00/LNXSLPBN:00/input/input1
[    1.461697] ACPI: Sleep Button [SLPF]
[    1.463548] GHES: HEST is not enabled!
[    1.465532] Serial: 8250/16550 driver, 32 ports, IRQ sharing enabled
[    1.489004] 00:02: ttyS0 at I/O 0x3f8 (irq = 4, base_baud = 115200) is a 16550A
[    1.496465] Linux agpgart interface v0.103
[    1.501525] loop: module loaded
[    1.503680] scsi host0: ata_piix
[    1.505143] scsi host1: ata_piix
[    1.506383] ata1: PATA max UDMA/33 cmd 0x1f0 ctl 0x3f6 bmdma 0xd000 irq 14
[    1.509439] ata2: PATA max UDMA/33 cmd 0x170 ctl 0x376 bmdma 0xd008 irq 15
[    1.511815] libphy: Fixed MDIO Bus: probed
[    1.513283] tun: Universal TUN/TAP device driver, 1.6
[    1.514926] tun: (C) 1999-2004 Max Krasnyansky <maxk@qualcomm.com>
[    1.517120] PPP generic driver version 2.4.2
[    1.518938] ehci_hcd: USB 2.0 'Enhanced' Host Controller (EHCI) Driver
[    1.521171] ehci-pci: EHCI PCI platform driver
[    1.522705] ehci-platform: EHCI generic platform driver
[    1.524583] ohci_hcd: USB 1.1 'Open' Host Controller (OHCI) Driver
[    1.526487] ohci-pci: OHCI PCI platform driver
[    1.527991] ohci-platform: OHCI generic platform driver
[    1.529604] uhci_hcd: USB Universal Host Controller Interface driver
[    1.531735] i8042: PNP: PS/2 Controller [PNP0303:PS2K,PNP0f03:PS2M] at 0x60,0x64 irq 1,12
[    1.534948] serio: i8042 KBD port at 0x60,0x64 irq 1
[    1.536520] serio: i8042 AUX port at 0x60,0x64 irq 12
[    1.538716] mousedev: PS/2 mouse device common for all mice
[    1.541173] input: AT Translated Set 2 keyboard as /devices/platform/i8042/serio0/input/input2
[    1.544985] rtc_cmos rtc_cmos: rtc core: registered rtc_cmos as rtc0
[    1.547711] rtc_cmos rtc_cmos: alarms up to one day, 114 bytes nvram
[    1.550555] i2c /dev entries driver
[    1.551859] device-mapper: uevent: version 1.0.3
[    1.553561] device-mapper: ioctl: 4.34.0-ioctl (2015-10-28) initialised: dm-devel@redhat.com
[    1.556210] ledtrig-cpu: registered to indicate activity on CPUs
[    1.559051] NET: Registered protocol family 10
[    1.561008] NET: Registered protocol family 17
[    1.562482] Key type dns_resolver registered
[    1.564235] registered taskstats version 1
[    1.565763] Loading compiled-in X.509 certificates
[    1.568665] Loaded X.509 cert 'Build time autogenerated kernel key: cf00e047681d67edb2720680708b7d9498083038'
[    1.571907] zswap: loaded using pool lzo/zbud
[    1.577875] Key type trusted registered
[    1.587319] Key type encrypted registered
[    1.589156] AppArmor: AppArmor sha1 policy hashing enabled
[    1.591255] ima: No TPM chip found, activating TPM-bypass!
[    1.593422] ima: Allocated hash algorithm: sha1
[    1.595490] evm: HMAC attrs: 0x1
[    1.597494]   Magic number: 6:728:409
[    1.599140] rtc_cmos rtc_cmos: setting system clock to 2022-09-15 02:25:13 UTC (1663208713)
[    1.603056] BIOS EDD facility v0.16 2004-Jun-25, 0 devices found
[    1.605214] EDD information not available.
[    1.695427] Freeing unused kernel memory: 1492K
[    1.697460] Write protecting the kernel read-only data: 14336k
[    1.700585] Freeing unused kernel memory: 1584K
[    1.702721] Freeing unused kernel memory: 52K
Loading, please wait...
starting version 229
[    1.735385] random: systemd-udevd: uninitialized urandom read (16 bytes read, 2 bits of entropy available)
[    1.737444] random: udevadm: uninitialized urandom read (16 bytes read, 2 bits of entropy available)
[    1.737523] random: udevadm: uninitialized urandom read (16 bytes read, 2 bits of entropy available)
[    1.746964] random: systemd-udevd: uninitialized urandom read (16 bytes read, 2 bits of entropy available)
[    1.750969] random: systemd-udevd: uninitialized urandom read (16 bytes read, 2 bits of entropy available)
[    1.756812] random: systemd-udevd: uninitialized urandom read (16 bytes read, 2 bits of entropy available)
[    1.763989] random: systemd-udevd: uninitialized urandom read (16 bytes read, 2 bits of entropy available)
[    1.766657] random: udevadm: uninitialized urandom read (16 bytes read, 2 bits of entropy available)
[    1.766765] random: udevadm: uninitialized urandom read (16 bytes read, 2 bits of entropy available)
[    1.767198] random: udevadm: uninitialized urandom read (16 bytes read, 2 bits of entropy available)
[    1.912018] e1000: Intel(R) PRO/1000 Network Driver - version 7.3.21-k8-NAPI
[    1.917177] e1000: Copyright (c) 1999-2006 Intel Corporation.
[    1.924043] Fusion MPT base driver 3.04.20
[    1.926298] Copyright (c) 1999-2008 LSI Corporation
[    1.996158] AVX version of gcm_enc/dec engaged.
[    1.998812] AES CTR mode by8 optimization enabled
[    2.019893] Fusion MPT SPI Host driver 3.04.20
[    2.201122] input: ImExPS/2 Generic Explorer Mouse as /devices/platform/i8042/serio1/input/input4
[    2.669939] e1000 0000:00:03.0 eth0: (PCI:33MHz:32-bit) 02:be:82:6b:cc:1d
[    2.691288] e1000 0000:00:03.0 eth0: Intel(R) PRO/1000 Network Connection
[    3.289129] e1000 0000:00:08.0 eth1: (PCI:33MHz:32-bit) 08:00:27:13:08:ca
[    3.295039] e1000 0000:00:08.0 eth1: Intel(R) PRO/1000 Network Connection
[    3.302887] mptbase: ioc0: Initiating bringup
[    3.304974] e1000 0000:00:08.0 enp0s8: renamed from eth1
[    3.329076] e1000 0000:00:03.0 enp0s3: renamed from eth0
[    3.406930] ioc0: LSI53C1030 A0: Capabilities={Initiator}
[    4.927996] scsi host2: ioc0: LSI53C1030 A0, FwRev=00000000h, Ports=1, MaxQ=256, IRQ=20
[    6.019000] scsi 2:0:0:0: Direct-Access     VBOX     HARDDISK         1.0  PQ: 0 ANSI: 5
[    6.024210] scsi target2:0:0: Beginning Domain Validation
[    6.029769] scsi target2:0:0: Domain Validation skipping write tests
[    6.032614] scsi target2:0:0: Ending Domain Validation
[    6.034989] scsi target2:0:0: asynchronous
[    6.038227] scsi 2:0:1:0: Direct-Access     VBOX     HARDDISK         1.0  PQ: 0 ANSI: 5
[    6.042174] scsi target2:0:1: Beginning Domain Validation
[    6.046955] scsi target2:0:1: Domain Validation skipping write tests
[    6.049863] scsi target2:0:1: Ending Domain Validation
[    6.052520] scsi target2:0:1: asynchronous
[    6.077552] sd 2:0:0:0: [sda] 83886080 512-byte logical blocks: (42.9 GB/40.0 GiB)
[    6.077713] sd 2:0:0:0: Attached scsi generic sg0 type 0
[    6.085710] sd 2:0:1:0: [sdb] 20480 512-byte logical blocks: (10.5 MB/10.0 MiB)
[    6.086204] sd 2:0:1:0: [sdb] Write Protect is off
[    6.086587] sd 2:0:1:0: [sdb] Incomplete mode parameter data
[    6.086590] sd 2:0:1:0: [sdb] Assuming drive cache: write through
[    6.089198] sd 2:0:1:0: Attached scsi generic sg1 type 0
[    6.091659] sd 2:0:1:0: [sdb] Attached SCSI disk
[    6.106098] sd 2:0:0:0: [sda] Write Protect is off
[    6.109053] sd 2:0:0:0: [sda] Incomplete mode parameter data
[    6.111941] sd 2:0:0:0: [sda] Assuming drive cache: write through
[    6.117310]  sda: sda1
[    6.120471] sd 2:0:0:0: [sda] Attached SCSI disk
Begin: Loading essential drivers ... [    7.798265] md: linear personality registered for level -1
[    7.805915] md: multipath personality registered for level -4
[    7.813594] md: raid0 personality registered for level 0
[    7.823590] md: raid1 personality registered for level 1
[    7.900038] raid6: sse2x1   gen()  4873 MB/s
[    7.968017] raid6: sse2x1   xor()  3759 MB/s
[    8.036019] raid6: sse2x2   gen()  6065 MB/s
[    8.104014] raid6: sse2x2   xor()  4226 MB/s
[    8.172020] raid6: sse2x4   gen()  6980 MB/s
[    8.240020] raid6: sse2x4   xor()  5334 MB/s
[    8.241749] raid6: using algorithm sse2x4 gen() 6980 MB/s
[    8.243802] raid6: .... xor() 5334 MB/s, rmw enabled
[    8.245920] raid6: using ssse3x2 recovery algorithm
[    8.249846] xor: automatically using best checksumming function:
[    8.292043]    avx       : 12100.000 MB/sec
[    8.296508] async_tx: api initialized (async)
[    8.317525] md: raid6 personality registered for level 6
[    8.319689] md: raid5 personality registered for level 5
[    8.321607] md: raid4 personality registered for level 4
[    8.339051] md: raid10 personality registered for level 10
done.
Begin: Running /scripts/init-premount ... done.
Begin: Mounting root file system ... Begin: Running /scripts/local-top ... done.
Begin: Running /scripts/local-premount ... [    8.407244] Btrfs loaded
Scanning for Btrfs filesystems
done.
Warning: fsck not present, so skipping root file system
[    8.471461] EXT4-fs (sda1): mounted filesystem with ordered data mode. Opts: (null)
done.
Begin: Running /scripts/local-bottom ... done.
Begin: Running /scripts/init-bottom ... done.
[    8.782240] systemd[1]: systemd 229 running in system mode. (+PAM +AUDIT +SELINUX +IMA +APPARMOR +SMACK +SYSVINIT +UTMP +LIBCRYPTSETUP +GCRYPT +GNUTLS +ACL +XZ -LZ4 +SECCOMP +BLKID +ELFUTILS +KMOD -IDN)
[    8.789522] systemd[1]: Detected virtualization oracle.
[    8.794191] systemd[1]: Detected architecture x86-64.

Welcome to [1mUbuntu 16.04.7 LTS[0m!

[    8.801909] systemd[1]: Set hostname to <ubuntu>.
[    8.807685] systemd[1]: Initializing machine ID from random generator.
[    8.810342] systemd[1]: Installed transient /etc/machine-id file.
[    9.132429] systemd[1]: Listening on Device-mapper event daemon FIFOs.
[[0;32m  OK  [0m] Listening on Device-mapper event daemon FIFOs.
[    9.137112] systemd[1]: Listening on Syslog Socket.
[[0;32m  OK  [0m] Listening on Syslog Socket.
[    9.140942] systemd[1]: Listening on udev Kernel Socket.
[[0;32m  OK  [0m] Listening on udev Kernel Socket.
[    9.144656] systemd[1]: Reached target User and Group Name Lookups.
[[0;32m  OK  [0m] Reached target User and Group Name Lookups.
[    9.149721] systemd[1]: Listening on udev Control Socket.
[[0;32m  OK  [0m] Listening on udev Control Socket.
[    9.154628] systemd[1]: Listening on Journal Socket (/dev/log).
[[0;32m  OK  [0m] Listening on Journal Socket (/dev/log).
[    9.160910] systemd[1]: Listening on Journal Audit Socket.
[[0;32m  OK  [0m] Listening on Journal Audit Socket.
[    9.164530] systemd[1]: Listening on /dev/initctl Compatibility Named Pipe.
[[0;32m  OK  [0m] Listening on /dev/initctl Compatibility Named Pipe.
[    9.170304] systemd[1]: Created slice System Slice.
[[0;32m  OK  [0m] Created slice System Slice.
[    9.175565] systemd[1]: Created slice system-serial\x2dgetty.slice.
[[0;32m  OK  [0m] Created slice system-serial\x2dgetty.slice.
[    9.181397] systemd[1]: Reached target Encrypted Volumes.
[[0;32m  OK  [0m] Reached target Encrypted Volumes.
[    9.186948] systemd[1]: Started Trigger resolvconf update for networkd DNS.
[[0;32m  OK  [0m] Started Trigger resolvconf update for networkd DNS.
[    9.191721] systemd[1]: Listening on LVM2 poll daemon socket.
[[0;32m  OK  [0m] Listening on LVM2 poll daemon socket.
[    9.196557] systemd[1]: Set up automount Arbitrary Executable File Formats File System Automount Point.
[[0;32m  OK  [0m] Set up automount Arbitrary Executab...ats File System Automount Point.
[    9.203018] systemd[1]: Listening on Journal Socket.
[[0;32m  OK  [0m] Listening on Journal Socket.
[    9.216383] systemd[1]: Starting Create list of required static device nodes for the current kernel...
         Starting Create list of required st... nodes for the current kernel...
[    9.225633] systemd[1]: Starting Set console keymap...
         Starting Set console keymap...
[    9.231336] systemd[1]: Mounting Huge Pages File System...
         Mounting Huge Pages File System...
[    9.237584] systemd[1]: Starting Nameserver information manager...
         Starting Nameserver information manager...
[    9.244805] systemd[1]: Starting Uncomplicated firewall...
         Starting Uncomplicated firewall...
[    9.251029] systemd[1]: Starting Journal Service...
         Starting Journal Service...
[    9.264713] systemd[1]: Starting Load Kernel Modules...
         Starting Load Kernel Modules...
[    9.271931] systemd[1]: Created slice User and Session Slice.
[[0;32m  OK  [0m] Created slice User and Session Slice.
[    9.278587] systemd[1]: Reached target Slices.
[[0;32m  OK  [0m] Reached target Slices.
[    9.283132] systemd[1]: Listening on fsck to fsckd communication Socket.
[[0;32m  OK  [0m] Listening on fsck to fsckd communication Socket.
[    9.290467] systemd[1]: Starting File System Check on Root Device...
         Starting File System Check on Root Device...
[    9.296852] Loading iSCSI transport class v2.0-870.
[    9.299046] systemd[1]: Started Forward Password Requests to Wall Directory Watch.
[[0;32m  OK  [0m] Started Forward Password Requests to Wall Directory Watch.
[    9.313846] systemd[1]: Listening on LVM2 metadata daemon socket.
[[0;32m  OK  [0m] Listening on LVM2 metadata daemon socket.
[    9.321037] systemd[1]: Starting Monitoring of LVM2 mirrors, snapshots etc. using dmeventd or progress polling...
         Starting Monitoring of LVM2 mirrors... dmeventd or progress polling...
[    9.330635] systemd[1]: Reached target System Time Synchronized.
[[0;32m  OK  [0m] Reached target System Time Synchronized.
[    9.337341] systemd[1]: Reached target Swap.
[[0;32m  OK  [0m] Reached target Swap.
[    9.342904] systemd[1]: Mounting Debug File System...
         Mounting Debug File System...
[    9.349659] systemd[1]: Mounting POSIX Message Queue File System...
         Mounting POSIX Message Queue File System...
[    9.360652] iscsi: registered transport (tcp)
[    9.367707] systemd[1]: Mounted Huge Pages File System.
[[0;32m  OK  [0m] Mounted Huge Pages File System.
[    9.373596] systemd[1]: Mounted POSIX Message Queue File System.
[[0;32m  OK  [0m] Mounted POSIX Message Queue File System.
[    9.380464] systemd[1]: Mounted Debug File System.
[[0;32m  OK  [0m] Mounted Debug File System.
[    9.385911] systemd[1]: Started Create list of required static device nodes for the current kernel.
[[0;32m  OK  [0m] Started Create list of required sta...ce nodes for the current kernel.
[    9.405556] systemd[1]: Started Uncomplicated firewall.
[[0;32m  OK  [0m] Started Uncomplicated firewall.
[    9.418464] systemd[1]: Started Nameserver information manager.
[[0;32m  OK  [0m] Started Nameserver information manager.
[    9.435163] systemd[1]: Started File System Check on Root Device.
[[0;32m  OK  [0m] Started File System Check on Root Device.
[    9.441883] systemd[1]: Started Journal Service.
[[0;32m  OK  [0m] Started Journal Service.
[[0;32m  OK  [0m] Started LVM2 metadata daemon.
[[0;32m  OK  [0m] Started File System Check Daemon to report status.
         Starting Remount Root and Kernel File Systems...
         Starting Create Static Device Nodes in /dev...
[    9.477371] EXT4-fs (sda1): re-mounted. Opts: (null)
[[0;32m  OK  [0m] Started Remount Root and Kernel File Systems.
         Starting Load/Save Random Seed...
         Starting udev Coldplug all Devices...
         Starting Flush Journal to Persistent Storage...
[    9.505178] iscsi: registered transport (iser)
[[0;32m  OK  [0m] Started Load Kernel Modules.
[[0;32m  OK  [0m] Started Set console keymap.
[[0;32m  OK  [0m] Started Load/Save Random Seed.
         Mounting FUSE Control File System...
         Starting Apply Kernel Variables...
[[0;32m  OK  [0m] Mounted FUSE Control File System.
[    9.558490] systemd-journald[380]: Received request to flush runtime journal from PID 1
[[0;32m  OK  [0m] Started Flush Journal to Persistent Storage.
[[0;32m  OK  [0m] Started Create Static Device Nodes in /dev.
[[0;32m  OK  [0m] Started Apply Kernel Variables.
         Starting udev Kernel Device Manager...
[[0;32m  OK  [0m] Started udev Kernel Device Manager.
[[0;32m  OK  [0m] Started udev Coldplug all Devices.
[[0;32m  OK  [0m] Started Dispatch Password Requests to Console Directory Watch.
[[0;32m  OK  [0m] Found device /dev/ttyS0.
[[0;32m  OK  [0m] Started Monitoring of LVM2 mirrors,...ng dmeventd or progress polling.
[[0;32m  OK  [0m] Reached target Local File Systems (Pre).
[[0;32m  OK  [0m] Reached target Local File Systems.
         Starting Commit a transient machine-id on disk...
         Starting Create Volatile Files and Directories...
         Starting LSB: AppArmor initialization...
         Starting Set console font and keymap...
         Starting Initial cloud-init job (pre-networking)...
         Starting Tell Plymouth To Write Out Runtime Data...
[[0;32m  OK  [0m] Started Commit a transient machine-id on disk.
[[0;32m  OK  [0m] Listening on Load/Save RF Kill Switch Status /dev/rfkill Watch.
[[0;32m  OK  [0m] Started Create Volatile Files and Directories.
         Starting Update UTMP about System Boot/Shutdown...
[[0;32m  OK  [0m] Started Tell Plymouth To Write Out Runtime Data.
[[0;32m  OK  [0m] Started Update UTMP about System Boot/Shutdown.
[[0;32m  OK  [0m] Started Set console font and keymap.
[[0;32m  OK  [0m] Created slice system-getty.slice.
[[0;32m  OK  [0m] Started LSB: AppArmor initialization.
         Starting Load AppArmor profiles managed internally by snapd...
[[0;32m  OK  [0m] Started Load AppArmor profiles managed internally by snapd.
[   12.215794] cloud-init[537]: Cloud-init v. 21.1-19-gbad84ad4-0ubuntu1~16.04.2 running 'init-local' at Thu, 15 Sep 2022 02:25:24 +0000. Up 11.73 seconds.
[[0;32m  OK  [0m] Started Initial cloud-init job (pre-networking).
[[0;32m  OK  [0m] Reached target Network (Pre).
         Starting Raise network interfaces...
[[0;32m  OK  [0m] Started Raise network interfaces.
[[0;32m  OK  [0m] Reached target Network.
         Starting Initial cloud-init job (metadata service crawler)...
[   15.044541] cloud-init[968]: Cloud-init v. 21.1-19-gbad84ad4-0ubuntu1~16.04.2 running 'init' at Thu, 15 Sep 2022 02:25:26 +0000. Up 13.67 seconds.
[   15.047718] cloud-init[968]: ci-info: ++++++++++++++++++++++++++++++++++++++Net device info+++++++++++++++++++++++++++++++++++++++
[   15.050644] cloud-init[968]: ci-info: +--------+-------+----------------------------+---------------+--------+-------------------+
[   15.054187] cloud-init[968]: ci-info: | Device |   Up  |          Address           |      Mask     | Scope  |     Hw-Address    |
[   15.058462] cloud-init[968]: ci-info: +--------+-------+----------------------------+---------------+--------+-------------------+
[   15.062255] cloud-init[968]: ci-info: | enp0s3 |  True |         10.0.2.15          | 255.255.255.0 | global | 02:be:82:6b:cc:1d |
[   15.065642] cloud-init[968]: ci-info: | enp0s3 |  True | fe80::be:82ff:fe6b:cc1d/64 |       .       |  link  | 02:be:82:6b:cc:1d |
[   15.069647] cloud-init[968]: ci-info: | enp0s8 | False |             .              |       .       |   .    | 08:00:27:13:08:ca |
[   15.074473] cloud-init[968]: ci-info: |   lo   |  True |         127.0.0.1          |   255.0.0.0   |  host  |         .         |
[   15.078588] cloud-init[968]: ci-info: |   lo   |  True |          ::1/128           |       .       |  host  |         .         |
[   15.082453] cloud-init[968]: ci-info: +--------+-------+----------------------------+---------------+--------+-------------------+
[   15.085976] cloud-init[968]: ci-info: +++++++++++++++++++++++++++Route IPv4 info++++++++++++++++++++++++++++
[   15.088736] cloud-init[968]: ci-info: +-------+-------------+----------+---------------+-----------+-------+
[   15.091456] cloud-init[968]: ci-info: | Route | Destination | Gateway  |    Genmask    | Interface | Flags |
[   15.094274] cloud-init[968]: ci-info: +-------+-------------+----------+---------------+-----------+-------+
[   15.097255] cloud-init[968]: ci-info: |   0   |   0.0.0.0   | 10.0.2.2 |    0.0.0.0    |   enp0s3  |   UG  |
[   15.099832] cloud-init[968]: ci-info: |   1   |   10.0.2.0  | 0.0.0.0  | 255.255.255.0 |   enp0s3  |   U   |
[   15.102623] cloud-init[968]: ci-info: +-------+-------------+----------+---------------+-----------+-------+
[   15.105295] cloud-init[968]: ci-info: +++++++++++++++++++Route IPv6 info+++++++++++++++++++
[   15.111816] cloud-init[968]: ci-info: +-------+-------------+---------+-----------+-------+
[   15.115993] cloud-init[968]: ci-info: | Route | Destination | Gateway | Interface | Flags |
[   15.120908] cloud-init[968]: ci-info: +-------+-------------+---------+-----------+-------+[[0;32m  OK  [0m] Started Initial cloud-init job (metadata service crawler).

[   15.128702] cloud-init[968]: ci-info: |   0   |  fe80::/64  |    ::   |   enp0s3  |   U   |
[   15.129174] cloud-init[968]: ci-info: |   3   |   ff00::/8  |    ::   |   enp0s3  |   U   |
[   15.132963] cloud-init[968]: ci-info: +-------+-------------+---------+-----------+-------+
[   15.136731] cloud-init[968]: Generating public/private rsa key pair.
[   15.137585] cloud-init[968]: Your identification has been saved in /etc/ssh/ssh_host_rsa_key.
[   15.140559] cloud-init[968]: Your public key has been saved in /etc/ssh/ssh_host_rsa_key.pub.
[   15.142652] cloud-init[968]: The key fingerprint is:
[   15.145734] cloud-init[968]: SHA256:YMpSWiX3gg8kMiGP5bzNWyq8yIMFJZMHo+TaAes8Mps root@ubuntu-xenial
[   15.146802] cloud-init[968]: The key's randomart image is:
[   15.147551] cloud-init[968]: +---[RSA 2048]----+
[   15.149013] cloud-init[968]: |O=o o o          |
[   15.149972] cloud-init[968]: |O%oo = .         |
[   15.150668] cloud-init[968]: |+*= = + .        |
[   15.151432] cloud-init[968]: |=. X = o         |
[   15.152176] cloud-init[968]: |+== = o S        |
[   15.153062] cloud-init[968]: |.=o. +           |
[   15.153658] cloud-init[968]: |E.o o            |
[   15.154292] cloud-init[968]: |oo o             |
[   15.154425] cloud-init[968]: |..o              |
[   15.155117] cloud-init[968]: +----[SHA256]-----+
[   15.155762] cloud-init[968]: Generating public/private dsa key pair.
[   15.156559] cloud-init[968]: Your identification has been saved in /etc/ssh/ssh_host_dsa_key.
[   15.157479] cloud-init[968]: Your public key has been saved in /etc/ssh/ssh_host_dsa_key.pub.
[   15.158663] cloud-init[968]: The key fingerprint is:
[   15.159208] cloud-init[968]: SHA256:8DC7ITvSudxa84l9ISlqm6Aj1HjyzL+rHS7PJ90cB1w root@ubuntu-xenial
[   15.159791] cloud-init[968]: The key's randomart image is:
[   15.160425] cloud-init[968]: +---[DSA 1024]----+
[   15.161013] cloud-init[968]: |                 |
[   15.161672] cloud-init[968]: |           E     |
[   15.162315] cloud-init[968]: |      + . .      |
[   15.162786] cloud-init[968]: |       * o       |
[   15.163743] cloud-init[968]: |  o . o S..      |
[   15.164561] cloud-init[968]: | + + +.oo...     |
[   15.164704] cloud-init[968]: |. O =o=.o.o.     |
[[0;32m  OK  [0m] Reached target System Initialization.
[[   15.164835] cloud-init[968]: |o. O*B.B +.      |
[   15.182547] cloud-init[968]: |o. o@@B +.       |
[   15.183463] cloud-init[968]: +----[SHA256]-----+
[0;32m  OK  [0m] [   15.184488] cloud-init[968]: Generating public/private ecdsa key pair.
[   15.186142] cloud-init[968]: Your identification has been saved in /etc/ssh/ssh_host_ecdsa_key.
[   15.187089] cloud-init[968]: Your public key has been saved in /etc/ssh/ssh_host_ecdsa_key.pub.
[   15.188707] cloud-init[968]: The key fingerprint is:
[   15.189488] cloud-init[968]: SHA256:FAKkfe9f5aYds6WkRruWGciEjWnlFZ9NbFATDAwIzOs root@ubuntu-xenial
[   15.190372] cloud-init[968]: The key's randomart image is:
[   15.191083] cloud-init[968]: +---[ECDSA 256]---+
[   15.191764] cloud-init[968]: |   .o.+.o ..+o+*+|
[   15.192428] cloud-init[968]: |   o   + o. .o =+|
[   15.192990] cloud-init[968]: |  . . . oB .  o..|
[   15.193592] cloud-init[968]: |     . += +      |
[   15.194131] cloud-init[968]: |      ..So .  .  |
[   15.195204] cloud-init[968]: |       E  o oo   |
[   15.195898] cloud-init[968]: |        .  ..=* .|
[   15.196216] cloud-init[968]: |         . .** * |
[   15.197008] cloud-init[968]: |          .o+.+  |
[   15.197779] cloud-init[968]: +----[SHA256]-----+
[   15.198468] cloud-init[968]: Generating public/private ed25519 key pair.
Listening on D-Bus System Message Bus Socket.
[   15.198851] cloud-init[968]: Your identification has been saved in /etc/ssh/ssh_host_ed25519_key.
[   15.209296] cloud-init[968]: Your public key has been saved in /etc/ssh/ssh_host_ed25519_key.pub.
[   15.210300] cloud-init[968]: The key fingerprint is:
[   15.211416] cloud-init[968]: SHA256:P0QM6aU/udd1kExpHmKtRvvxdmVjDpF976ngqrtztZg root@ubuntu-xenial
[   15.212889] cloud-init[968]: The key's randomart image is:
[   15.214219] cloud-init[968]: +--[ED25519 256]--+
[   15.215691] cloud-init[968]: |        ..   .o. |
[   15.217016] cloud-init[968]: |        .o. +o*..|
[   15.218720] cloud-init[968]: |       . ooo O.oo|
[[0;32m  OK  [0m] Listening on ACPID Listen Socket.
[   15.219208] cloud-init[968]: |        o.  +.*o+|
[   15.225394] cloud-init[968]: |        S..o .+*+|
[   15.225826] cloud-init[968]: |         o+o  .oB|
[   15.226915] cloud-init[968]: |          Boo..oo|
[   15.227977] cloud-init[968]: |       . E.+...  |
[   15.228975] cloud-init[968]: |       +*...     |
[   15.230004] cloud-init[968]: +----[SHA256]-----+
[[0;32m  OK  [0m] Started Daily apt download activities.
[[0;32m  OK  [0m] Started ACPI Events Check.
[[0;32m  OK  [0m] Reached target Paths.
[[0;32m  OK  [0m] Started Ubuntu Advantage update messaging.
[[0;32m  OK  [0m] Started Daily apt upgrade and clean activities.
[[0;32m  OK  [0m] Started Message of the Day.
         Starting Socket activation for snappy daemon.
         Starting LXD - unix socket.
[[0;32m  OK  [0m] Started Daily Cleanup of Temporary Directories.
[[0;32m  OK  [0m] Reached target Timers.
[[0;32m  OK  [0m] Listening on UUID daemon activation socket.
[[0;32m  OK  [0m] Reached target Network is Online.
         Starting iSCSI initiator daemon (iscsid)...
[[0;32m  OK  [0m] Reached target Cloud-config availability.
[[0;32m  OK  [0m] Listening on Socket activation for snappy daemon.
[[0;32m  OK  [0m] Listening on LXD - unix socket.
[[0;32m  OK  [0m] Reached target Sockets.
[[0;32m  OK  [0m] Reached target Basic System.
         Starting LSB: Record successful boot for GRUB...
         Starting /etc/rc.local Compatibility...
[[0;32m  OK  [0m] Started FUSE filesystem for LXC.
         Starting Login Service...
         Starting Accounts Service...
         Starting Pollinate to seed the pseudo random number generator...
[[0;32m  OK  [0m] Started D-Bus System Message Bus.
[[0;32m  OK  [0m] Started Deferred execution scheduler.
[[0;32m  OK  [0m] Started Regular background program processing daemon.
[[0;32m  OK  [0m] Started ACPI event daemon.
         Starting LXD - container startup/shutdown...
         Starting LSB: MD monitoring daemon...
         Starting Virtualbox guest utils...
         Starting System Logging Service...
         Starting Snap Daemon...
[[0;32m  OK  [0m] Started /etc/rc.local Compatibility.
[[0;32m  OK  [0m] Started Login Service.
         Starting Authenticate and Authorize Users to Run Privileged Tasks...
[[0;32m  OK  [0m] Started Unattended Upgrades Shutdown.
[[0;32m  OK  [0m] Started iSCSI initiator daemon (iscsid).
         Starting Login to default iSCSI targets...
[[0;32m  OK  [0m] Started LSB: Record successful boot for GRUB.
[[0;32m  OK  [0m] Started System Logging Service.
[[0;32m  OK  [0m] Started LSB: MD monitoring daemon.
[[0;32m  OK  [0m] Started Login to default iSCSI targets.
[[0;32m  OK  [0m] Reached target Remote File Systems (Pre).
[[0;32m  OK  [0m] Reached target Remote File Systems.
         Starting LSB: daemon to balance interrupts for SMP systems...
         Starting Permit User Sessions...
         Starting LSB: Set the CPU Frequency Scaling governor to "ondemand"...
         Starting LSB: automatic crash report generation...
[[0;32m  OK  [0m] Started Permit User Sessions.
[[0;32m  OK  [0m] Started Authenticate and Authorize Users to Run Privileged Tasks.
[[0;32m  OK  [0m] Started Accounts Service.
         Starting Hold until boot process finishes up...
         Starting Terminate Plymouth Boot Screen...
[[0;32m  OK  [0m] Started Hold until boot process finishes up.
[[0;32m  OK  [0m] Started Terminate Plymouth Boot Screen.
[[0;32m  OK  [0m] Started Getty on tty1.
[[0;32m  OK  [0m] Started Serial Getty on ttyS0.
[[0;32m  OK  [0m] Reached target Login Prompts.
         Starting Set console scheme...
[[0;32m  OK  [0m] Started Virtualbox guest utils.
[[0;32m  OK  [0m] Started LSB: Set the CPU Frequency Scaling governor to "ondemand".
[[0;32m  OK  [0m] Started LSB: automatic crash report generation.
[[0;32m  OK  [0m] Started Set console scheme.
[[0;32m  OK  [0m] Started LSB: daemon to balance interrupts for SMP systems.
[[0;32m  OK  [0m] Started LXD - container startup/shutdown.
[[0;32m  OK  [0m] Started Snap Daemon.
         Starting Wait until snapd is fully seeded...
[[0;32m  OK  [0m] Started Pollinate to seed the pseudo random number generator.
         Starting OpenBSD Secure Shell server...
[[0;32m  OK  [0m] Started OpenBSD Secure Shell server.
[[0;32m  OK  [0m] Created slice User Slice of vagrant.
         Starting User Manager for UID 1000...
[[0;32m  OK  [0m] Started Session 1 of user vagrant.
[[0;32m  OK  [0m] Started User Manager for UID 1000.
[[0;32m  OK  [0m] Started Wait until snapd is fully seeded.
         Starting Apply the settings specified in cloud-config...
[[0;32m  OK  [0m] Reached target Multi-User System.
[[0;32m  OK  [0m] Reached target Graphical Interface.
         Starting Update UTMP about System Runlevel Changes...
[[0;32m  OK  [0m] Started Update UTMP about System Runlevel Changes.
[   20.605799] cloud-init[1383]: Generating locales (this might take a while)...

Ubuntu 16.04.7 LTS ubuntu-xenial ttyS0

ubuntu-xenial login: [   22.127889] cloud-init[1383]:   en_US.UTF-8... done
[   22.129976] cloud-init[1383]: Generation complete.
[   22.851072] cloud-init[1383]: Cloud-init v. 21.1-19-gbad84ad4-0ubuntu1~16.04.2 running 'modules:config' at Thu, 15 Sep 2022 02:25:32 +0000. Up 20.34 seconds.
ci-info: no authorized SSH keys fingerprints found for user ubuntu.
<14>Sep 15 02:25:36 ec2: 
<14>Sep 15 02:25:36 ec2: #############################################################
<14>Sep 15 02:25:36 ec2: -----BEGIN SSH HOST KEY FINGERPRINTS-----
<14>Sep 15 02:25:36 ec2: 1024 SHA256:8DC7ITvSudxa84l9ISlqm6Aj1HjyzL+rHS7PJ90cB1w root@ubuntu-xenial (DSA)
<14>Sep 15 02:25:36 ec2: 256 SHA256:FAKkfe9f5aYds6WkRruWGciEjWnlFZ9NbFATDAwIzOs root@ubuntu-xenial (ECDSA)
<14>Sep 15 02:25:36 ec2: 256 SHA256:P0QM6aU/udd1kExpHmKtRvvxdmVjDpF976ngqrtztZg root@ubuntu-xenial (ED25519)
<14>Sep 15 02:25:36 ec2: 2048 SHA256:YMpSWiX3gg8kMiGP5bzNWyq8yIMFJZMHo+TaAes8Mps root@ubuntu-xenial (RSA)
<14>Sep 15 02:25:36 ec2: -----END SSH HOST KEY FINGERPRINTS-----
<14>Sep 15 02:25:36 ec2: #############################################################
-----BEGIN SSH HOST KEY KEYS-----
ecdsa-sha2-nistp256 AAAAE2VjZHNhLXNoYTItbmlzdHAyNTYAAAAIbmlzdHAyNTYAAABBBKwKNHaRyaWS7ApIhQ/fIxRGt8uCiBd2n00FhN9rzTb0+7uS6sFFn4oqyrnIo3udf6GAEYx0Gj+L0JTPpvELNCU= root@ubuntu-xenial
ssh-ed25519 AAAAC3NzaC1lZDI1NTE5AAAAINQnh1S8wAqEMX5pKWDV3wzbsNA7JQTXAk5WSyhleXPm root@ubuntu-xenial
ssh-rsa AAAAB3NzaC1yc2EAAAADAQABAAABAQDbiuBtGvVretP/QzXq2aRhVm3Ogn5UrITPGyYqKP9AunKwByawgZErGiVYb9PZ24Nt4e26oo72u1hOSeetAptSPqXefkqA2UisZpbBZLzz1pJC9qEOuegd7mFbqAhqUU1TrvfTehuSm5U+cZyQD3vWLW00y8mtdWKx3VkHq2Xof1XW8dclltMerNefAjnSK528SPr0w0BhF7n01F9haXXcCFuwv8wkptfiV24iFXmRWRFW6oYB9kyQ2T2OdVXtlqVLiiNM4fH9lkKsxUv/mLjWty/XIn/3e1Jzwy0vSODma55D8CmRSpSTQl0r39dHlPIFIMuDbvMRdlzPlS1JcYkf root@ubuntu-xenial
-----END SSH HOST KEY KEYS-----
[   23.988990] cloud-init[1612]: Cloud-init v. 21.1-19-gbad84ad4-0ubuntu1~16.04.2 running 'modules:final' at Thu, 15 Sep 2022 02:25:35 +0000. Up 23.55 seconds.
[   23.993191] cloud-init[1612]: ci-info: no authorized SSH keys fingerprints found for user ubuntu.
[   23.995934] cloud-init[1612]: Cloud-init v. 21.1-19-gbad84ad4-0ubuntu1~16.04.2 finished at Thu, 15 Sep 2022 02:25:36 +0000. Datasource DataSourceNoCloud [seed=/dev/sdb][dsmode=net].  Up 23.96 seconds
                                                                                                                                                                                                                                                                                                                                                                                                                                                                                                                                                                                                                                                                                                                                                                                                                                                                                                                                                                                                                                                                                                                                                                                                                                                                                                                                                                                                                                                                                                                                                                                                                                                                                                                                                                                                                                                                                                                                                                                                                                                                                                                                                                                                                                                                                                                                                                                                                                                                                                                                                                                                                                                                                                                                                                                                                                                                                                                                                                                                                                                                                                                                                                                                                                                                                                                                                                                                                                                                                                                                                                                                                                                                                                                                                                                                                                                                                                                                                                                                                                                                                                                                                                                                                                                                                                                                                                                                                                                                                                                                                                                                                                                                                                                                                                                                                                                                                                                                                                                                                                                                                                                                                                                                                                                                                                                                                                                                                                                                                                                                                                                                                                                                                                                                                                                                                                                                                                                                                                                                                                                                                                                                                                                                                                                                                                                                                                                                                                                                                                                                                                                                                                                                                                                                                                                                                                                                                                                                                                                                                                                                                                                                                                                                                                                                                                                                                                                                                                                                                                                                                                                                                                                                                                                                                                                                                                                                                                                                                                                                                                                                                                                                                                                                                                                                                                                                                                                                                                                                                                                                                                                                                                                                                                                                                                                                                                                                                                                                                                                                                                                                                                                                                                                                                                                                                                                                                                                                                                                                                                                                                                                                                                                                                                                                                                                                                                                                                                                                                                                                                                                                                          [  926.047719] sd 2:0:0:0: rejecting I/O to offline device
[  926.051171] sd 2:0:0:0: rejecting I/O to offline device
[  926.054883] sd 2:0:0:0: rejecting I/O to offline device
